【时间】2015-06-02 15:25:48:447
【服务器】192.168.17.180
【数据库】192.168.17.201
【补充信息】sql执行出错Update tb_task Set taskname=@taskname,categoryid=@categoryid,nodeid=@nodeid,taskupdatetime=@taskupdatetime,taskappconfigjson=@taskappconfigjson,taskcron=@taskcron,taskcreateuserid=@taskcreateuserid,taskmainclassnamespace=@taskmainclassnamespace,taskremark=@taskremark,taskmainclassdllfilename=@taskmainclassdllfilename,taskversion=@taskversion where id=@id
【原始信息】将截断字符串或二进制数据。
语句已终止。
【参数】[id:8][taskname:任务调度平台之Demo任务][categoryid:5][taskcreateuserid:5][nodeid:361][taskappconfigjson:{"sendmailhost":"smtp.163.com","sendmailname":"fengyeguigui@163.com","password":"472790378@"}][tempdatajson:{"LastLogID":0}][taskcron:[Simple,3,2,2012-01-01 17:25,2012-01-01 17:25]][taskmainclassnamespace:Dyd.BaseService.TaskManager.Demo.DemoTask][taskmainclassdllfilename:Dyd.BaseService.TaskManager.Demo.exe][taskversion:7][taskremark:任务调度平台demo示例]
【堆栈打印】   在 System.Data.SqlClient.SqlConnection.OnError(SqlException exception, Boolean breakConnection, Action`1 wrapCloseInAction)
   在 System.Data.SqlClient.SqlInternalConnection.OnError(SqlException exception, Boolean breakConnection, Action`1 wrapCloseInAction)
   在 System.Data.SqlClient.TdsParser.ThrowExceptionAndWarning(TdsParserStateObject stateObj, Boolean callerHasConnectionLock, Boolean asyncClose)
   在 System.Data.SqlClient.TdsParser.TryRun(RunBehavior runBehavior, SqlCommand cmdHandler, SqlDataReader dataStream, BulkCopySimpleResultSet bulkCopyHandler, TdsParserStateObject stateObj, Boolean& dataReady)
   在 System.Data.SqlClient.SqlCommand.FinishExecuteReader(SqlDataReader ds, RunBehavior runBehavior, String resetOptionsString)
   在 System.Data.SqlClient.SqlCommand.RunExecuteReaderTds(CommandBehavior cmdBehavior, RunBehavior runBehavior, Boolean returnStream, Boolean async, Int32 timeout, Task& task, Boolean asyncWrite)
   在 System.Data.SqlClient.SqlCommand.RunExecuteReader(CommandBehavior cmdBehavior, RunBehavior runBehavior, Boolean returnStream, String method, TaskCompletionSource`1 completion, Int32 timeout, Task& task, Boolean asyncWrite)
   在 System.Data.SqlClient.SqlCommand.InternalExecuteNonQuery(TaskCompletionSource`1 completion, String methodName, Boolean sendToPipe, Int32 timeout, Boolean asyncWrite)
   在 System.Data.SqlClient.SqlCommand.ExecuteNonQuery()
   在 XXF.Db.DbConnSql.<>c__DisplayClass1.<ExecuteSql>b__0() 位置 e:\working\BasicService\XXFramework\project\Xiaoxiao.Framework\Xiaoxiao.Framework\Db\DbConnSql.cs:行号 144
   在 XXF.Db.DbCatch.Catch[T](Boolean istimeWatch, String datasource, String sql, List`1 procedurePar, Func`1 action) 位置 e:\working\BasicService\XXFramework\project\Xiaoxiao.Framework\Xiaoxiao.Framework\Db\DbCatch.cs:行号 60
******************************************************************************************************************************************************
【时间】2015-06-02 15:25:55:812
【服务器】192.168.17.180
【数据库】192.168.17.201
【补充信息】sql执行出错Update tb_task Set taskname=@taskname,categoryid=@categoryid,nodeid=@nodeid,taskupdatetime=@taskupdatetime,taskappconfigjson=@taskappconfigjson,taskcron=@taskcron,taskcreateuserid=@taskcreateuserid,taskmainclassnamespace=@taskmainclassnamespace,taskremark=@taskremark,taskmainclassdllfilename=@taskmainclassdllfilename,taskversion=@taskversion where id=@id
【原始信息】将截断字符串或二进制数据。
语句已终止。
【参数】[id:8][taskname:任务调度平台之Demo任务][categoryid:5][taskcreateuserid:5][nodeid:361][taskappconfigjson:{"sendmailhost":"smtp.163.com","sendmailname":"fengyeguigui@163.com","password":"472790378@"}][tempdatajson:{"LastLogID":0}][taskcron:[Simple,3,2,2012-01-01 17:25,2012-01-01 17:25]][taskmainclassnamespace:Dyd.BaseService.TaskManager.Demo.DemoTask][taskmainclassdllfilename:Dyd.BaseService.TaskManager.Demo.exe][taskversion:7][taskremark:任务调度平台demo示例]
【堆栈打印】   在 System.Data.SqlClient.SqlConnection.OnError(SqlException exception, Boolean breakConnection, Action`1 wrapCloseInAction)
   在 System.Data.SqlClient.SqlInternalConnection.OnError(SqlException exception, Boolean breakConnection, Action`1 wrapCloseInAction)
   在 System.Data.SqlClient.TdsParser.ThrowExceptionAndWarning(TdsParserStateObject stateObj, Boolean callerHasConnectionLock, Boolean asyncClose)
   在 System.Data.SqlClient.TdsParser.TryRun(RunBehavior runBehavior, SqlCommand cmdHandler, SqlDataReader dataStream, BulkCopySimpleResultSet bulkCopyHandler, TdsParserStateObject stateObj, Boolean& dataReady)
   在 System.Data.SqlClient.SqlCommand.FinishExecuteReader(SqlDataReader ds, RunBehavior runBehavior, String resetOptionsString)
   在 System.Data.SqlClient.SqlCommand.RunExecuteReaderTds(CommandBehavior cmdBehavior, RunBehavior runBehavior, Boolean returnStream, Boolean async, Int32 timeout, Task& task, Boolean asyncWrite)
   在 System.Data.SqlClient.SqlCommand.RunExecuteReader(CommandBehavior cmdBehavior, RunBehavior runBehavior, Boolean returnStream, String method, TaskCompletionSource`1 completion, Int32 timeout, Task& task, Boolean asyncWrite)
   在 System.Data.SqlClient.SqlCommand.InternalExecuteNonQuery(TaskCompletionSource`1 completion, String methodName, Boolean sendToPipe, Int32 timeout, Boolean asyncWrite)
   在 System.Data.SqlClient.SqlCommand.ExecuteNonQuery()
   在 XXF.Db.DbConnSql.<>c__DisplayClass1.<ExecuteSql>b__0() 位置 e:\working\BasicService\XXFramework\project\Xiaoxiao.Framework\Xiaoxiao.Framework\Db\DbConnSql.cs:行号 144
   在 XXF.Db.DbCatch.Catch[T](Boolean istimeWatch, String datasource, String sql, List`1 procedurePar, Func`1 action) 位置 e:\working\BasicService\XXFramework\project\Xiaoxiao.Framework\Xiaoxiao.Framework\Db\DbCatch.cs:行号 60
******************************************************************************************************************************************************
