【时间】2015-04-23 13:07:01:863
【补充信息】sql执行出错sql执行拦截insert into tb_category(categoryname,categorycreatetime)
										   values(@categoryname,gedate()) 参数@categoryname:aaa;
【地址】192.168.17.201
【原始信息】'gedate' 不是可以识别的 内置函数名称。
【参数】[categoryname:aaa]
【堆栈打印】   在 System.Data.SqlClient.SqlConnection.OnError(SqlException exception, Boolean breakConnection, Action`1 wrapCloseInAction)
   在 System.Data.SqlClient.SqlInternalConnection.OnError(SqlException exception, Boolean breakConnection, Action`1 wrapCloseInAction)
   在 System.Data.SqlClient.TdsParser.ThrowExceptionAndWarning(TdsParserStateObject stateObj, Boolean callerHasConnectionLock, Boolean asyncClose)
   在 System.Data.SqlClient.TdsParser.TryRun(RunBehavior runBehavior, SqlCommand cmdHandler, SqlDataReader dataStream, BulkCopySimpleResultSet bulkCopyHandler, TdsParserStateObject stateObj, Boolean& dataReady)
   在 System.Data.SqlClient.SqlCommand.FinishExecuteReader(SqlDataReader ds, RunBehavior runBehavior, String resetOptionsString)
   在 System.Data.SqlClient.SqlCommand.RunExecuteReaderTds(CommandBehavior cmdBehavior, RunBehavior runBehavior, Boolean returnStream, Boolean async, Int32 timeout, Task& task, Boolean asyncWrite)
   在 System.Data.SqlClient.SqlCommand.RunExecuteReader(CommandBehavior cmdBehavior, RunBehavior runBehavior, Boolean returnStream, String method, TaskCompletionSource`1 completion, Int32 timeout, Task& task, Boolean asyncWrite)
   在 System.Data.SqlClient.SqlCommand.InternalExecuteNonQuery(TaskCompletionSource`1 completion, String methodName, Boolean sendToPipe, Int32 timeout, Boolean asyncWrite)
   在 System.Data.SqlClient.SqlCommand.ExecuteNonQuery()
   在 XXF.Db.DbConnSql.<>c__DisplayClass1.<ExecuteSql>b__0() 位置 e:\working\BasicService\XXFramework\project\Xiaoxiao.Framework\Xiaoxiao.Framework\Db\DbConnSql.cs:行号 144
   在 XXF.Db.DbCatch.Catch[T](Boolean istimeWatch, String datasource, String sql, List`1 procedurePar, Func`1 action) 位置 e:\working\BasicService\XXFramework\project\Xiaoxiao.Framework\Xiaoxiao.Framework\Db\DbCatch.cs:行号 48
******************************************************************************************************************************************************
【时间】2015-04-23 13:07:12:938
【补充信息】sql执行出错sql执行拦截insert into tb_category(categoryname,categorycreatetime)
										   values(@categoryname,gedate()) 参数@categoryname:aaa;
【地址】192.168.17.201
【原始信息】'gedate' 不是可以识别的 内置函数名称。
【参数】[categoryname:aaa]
【堆栈打印】   在 System.Data.SqlClient.SqlConnection.OnError(SqlException exception, Boolean breakConnection, Action`1 wrapCloseInAction)
   在 System.Data.SqlClient.SqlInternalConnection.OnError(SqlException exception, Boolean breakConnection, Action`1 wrapCloseInAction)
   在 System.Data.SqlClient.TdsParser.ThrowExceptionAndWarning(TdsParserStateObject stateObj, Boolean callerHasConnectionLock, Boolean asyncClose)
   在 System.Data.SqlClient.TdsParser.TryRun(RunBehavior runBehavior, SqlCommand cmdHandler, SqlDataReader dataStream, BulkCopySimpleResultSet bulkCopyHandler, TdsParserStateObject stateObj, Boolean& dataReady)
   在 System.Data.SqlClient.SqlCommand.FinishExecuteReader(SqlDataReader ds, RunBehavior runBehavior, String resetOptionsString)
   在 System.Data.SqlClient.SqlCommand.RunExecuteReaderTds(CommandBehavior cmdBehavior, RunBehavior runBehavior, Boolean returnStream, Boolean async, Int32 timeout, Task& task, Boolean asyncWrite)
   在 System.Data.SqlClient.SqlCommand.RunExecuteReader(CommandBehavior cmdBehavior, RunBehavior runBehavior, Boolean returnStream, String method, TaskCompletionSource`1 completion, Int32 timeout, Task& task, Boolean asyncWrite)
   在 System.Data.SqlClient.SqlCommand.InternalExecuteNonQuery(TaskCompletionSource`1 completion, String methodName, Boolean sendToPipe, Int32 timeout, Boolean asyncWrite)
   在 System.Data.SqlClient.SqlCommand.ExecuteNonQuery()
   在 XXF.Db.DbConnSql.<>c__DisplayClass1.<ExecuteSql>b__0() 位置 e:\working\BasicService\XXFramework\project\Xiaoxiao.Framework\Xiaoxiao.Framework\Db\DbConnSql.cs:行号 144
   在 XXF.Db.DbCatch.Catch[T](Boolean istimeWatch, String datasource, String sql, List`1 procedurePar, Func`1 action) 位置 e:\working\BasicService\XXFramework\project\Xiaoxiao.Framework\Xiaoxiao.Framework\Db\DbCatch.cs:行号 48
******************************************************************************************************************************************************
【时间】2015-04-23 13:16:21:062
【补充信息】sql执行出错sql执行拦截select * from (select ROW_NUMBER() over(order by id desc) as rownum,id,nodename,nodecreatetime,nodeip,nodelastupdatetime,DATEDIFF(second ,nodelastupdatetime,GETDATE()) as nodestate from tb_node where 1=1 ) A where rownum between 1 and 10 参数
【地址】192.168.17.201
【原始信息】datediff 函数导致溢出。用于分隔两个日期/时间实例的日期部分的数字太大。请尝试使用日期部分精度较低的 datediff。
【参数】
【堆栈打印】   在 System.Data.SqlClient.SqlConnection.OnError(SqlException exception, Boolean breakConnection, Action`1 wrapCloseInAction)
   在 System.Data.SqlClient.SqlInternalConnection.OnError(SqlException exception, Boolean breakConnection, Action`1 wrapCloseInAction)
   在 System.Data.SqlClient.TdsParser.ThrowExceptionAndWarning(TdsParserStateObject stateObj, Boolean callerHasConnectionLock, Boolean asyncClose)
   在 System.Data.SqlClient.TdsParser.TryRun(RunBehavior runBehavior, SqlCommand cmdHandler, SqlDataReader dataStream, BulkCopySimpleResultSet bulkCopyHandler, TdsParserStateObject stateObj, Boolean& dataReady)
   在 System.Data.SqlClient.SqlDataReader.TryHasMoreRows(Boolean& moreRows)
   在 System.Data.SqlClient.SqlDataReader.TryReadInternal(Boolean setTimeout, Boolean& more)
   在 System.Data.SqlClient.SqlDataReader.Read()
   在 System.Data.Common.DataAdapter.FillLoadDataRow(SchemaMapping mapping)
   在 System.Data.Common.DataAdapter.FillFromReader(DataSet dataset, DataTable datatable, String srcTable, DataReaderContainer dataReader, Int32 startRecord, Int32 maxRecords, DataColumn parentChapterColumn, Object parentChapterValue)
   在 System.Data.Common.DataAdapter.Fill(DataSet dataSet, String srcTable, IDataReader dataReader, Int32 startRecord, Int32 maxRecords)
   在 System.Data.Common.DbDataAdapter.FillInternal(DataSet dataset, DataTable[] datatables, Int32 startRecord, Int32 maxRecords, String srcTable, IDbCommand command, CommandBehavior behavior)
   在 System.Data.Common.DbDataAdapter.Fill(DataSet dataSet, Int32 startRecord, Int32 maxRecords, String srcTable, IDbCommand command, CommandBehavior behavior)
   在 System.Data.Common.DbDataAdapter.Fill(DataSet dataSet)
   在 XXF.Db.DbConnSql.<>c__DisplayClassd.<SqlToDataSet>b__c() 位置 e:\working\BasicService\XXFramework\project\Xiaoxiao.Framework\Xiaoxiao.Framework\Db\DbConnSql.cs:行号 317
   在 XXF.Db.DbCatch.Catch[T](Boolean istimeWatch, String datasource, String sql, List`1 procedurePar, Func`1 action) 位置 e:\working\BasicService\XXFramework\project\Xiaoxiao.Framework\Xiaoxiao.Framework\Db\DbCatch.cs:行号 48
******************************************************************************************************************************************************
【时间】2015-04-23 13:16:24:530
【补充信息】sql执行出错sql执行拦截select * from (select ROW_NUMBER() over(order by id desc) as rownum,id,nodename,nodecreatetime,nodeip,nodelastupdatetime,DATEDIFF(second ,nodelastupdatetime,GETDATE()) as nodestate from tb_node where 1=1 ) A where rownum between 1 and 10 参数
【地址】192.168.17.201
【原始信息】datediff 函数导致溢出。用于分隔两个日期/时间实例的日期部分的数字太大。请尝试使用日期部分精度较低的 datediff。
【参数】
【堆栈打印】   在 System.Data.SqlClient.SqlConnection.OnError(SqlException exception, Boolean breakConnection, Action`1 wrapCloseInAction)
   在 System.Data.SqlClient.SqlInternalConnection.OnError(SqlException exception, Boolean breakConnection, Action`1 wrapCloseInAction)
   在 System.Data.SqlClient.TdsParser.ThrowExceptionAndWarning(TdsParserStateObject stateObj, Boolean callerHasConnectionLock, Boolean asyncClose)
   在 System.Data.SqlClient.TdsParser.TryRun(RunBehavior runBehavior, SqlCommand cmdHandler, SqlDataReader dataStream, BulkCopySimpleResultSet bulkCopyHandler, TdsParserStateObject stateObj, Boolean& dataReady)
   在 System.Data.SqlClient.SqlDataReader.TryHasMoreRows(Boolean& moreRows)
   在 System.Data.SqlClient.SqlDataReader.TryReadInternal(Boolean setTimeout, Boolean& more)
   在 System.Data.SqlClient.SqlDataReader.Read()
   在 System.Data.Common.DataAdapter.FillLoadDataRow(SchemaMapping mapping)
   在 System.Data.Common.DataAdapter.FillFromReader(DataSet dataset, DataTable datatable, String srcTable, DataReaderContainer dataReader, Int32 startRecord, Int32 maxRecords, DataColumn parentChapterColumn, Object parentChapterValue)
   在 System.Data.Common.DataAdapter.Fill(DataSet dataSet, String srcTable, IDataReader dataReader, Int32 startRecord, Int32 maxRecords)
   在 System.Data.Common.DbDataAdapter.FillInternal(DataSet dataset, DataTable[] datatables, Int32 startRecord, Int32 maxRecords, String srcTable, IDbCommand command, CommandBehavior behavior)
   在 System.Data.Common.DbDataAdapter.Fill(DataSet dataSet, Int32 startRecord, Int32 maxRecords, String srcTable, IDbCommand command, CommandBehavior behavior)
   在 System.Data.Common.DbDataAdapter.Fill(DataSet dataSet)
   在 XXF.Db.DbConnSql.<>c__DisplayClassd.<SqlToDataSet>b__c() 位置 e:\working\BasicService\XXFramework\project\Xiaoxiao.Framework\Xiaoxiao.Framework\Db\DbConnSql.cs:行号 317
   在 XXF.Db.DbCatch.Catch[T](Boolean istimeWatch, String datasource, String sql, List`1 procedurePar, Func`1 action) 位置 e:\working\BasicService\XXFramework\project\Xiaoxiao.Framework\Xiaoxiao.Framework\Db\DbCatch.cs:行号 48
******************************************************************************************************************************************************
【时间】2015-04-23 13:16:34:366
【补充信息】sql执行出错sql执行拦截select * from (select ROW_NUMBER() over(order by id desc) as rownum,id,nodename,nodecreatetime,nodeip,nodelastupdatetime,DATEDIFF(second ,nodelastupdatetime,GETDATE()) as nodestate from tb_node where 1=1 ) A where rownum between 1 and 10 参数
【地址】192.168.17.201
【原始信息】datediff 函数导致溢出。用于分隔两个日期/时间实例的日期部分的数字太大。请尝试使用日期部分精度较低的 datediff。
【参数】
【堆栈打印】   在 System.Data.SqlClient.SqlConnection.OnError(SqlException exception, Boolean breakConnection, Action`1 wrapCloseInAction)
   在 System.Data.SqlClient.SqlInternalConnection.OnError(SqlException exception, Boolean breakConnection, Action`1 wrapCloseInAction)
   在 System.Data.SqlClient.TdsParser.ThrowExceptionAndWarning(TdsParserStateObject stateObj, Boolean callerHasConnectionLock, Boolean asyncClose)
   在 System.Data.SqlClient.TdsParser.TryRun(RunBehavior runBehavior, SqlCommand cmdHandler, SqlDataReader dataStream, BulkCopySimpleResultSet bulkCopyHandler, TdsParserStateObject stateObj, Boolean& dataReady)
   在 System.Data.SqlClient.SqlDataReader.TryHasMoreRows(Boolean& moreRows)
   在 System.Data.SqlClient.SqlDataReader.TryReadInternal(Boolean setTimeout, Boolean& more)
   在 System.Data.SqlClient.SqlDataReader.Read()
   在 System.Data.Common.DataAdapter.FillLoadDataRow(SchemaMapping mapping)
   在 System.Data.Common.DataAdapter.FillFromReader(DataSet dataset, DataTable datatable, String srcTable, DataReaderContainer dataReader, Int32 startRecord, Int32 maxRecords, DataColumn parentChapterColumn, Object parentChapterValue)
   在 System.Data.Common.DataAdapter.Fill(DataSet dataSet, String srcTable, IDataReader dataReader, Int32 startRecord, Int32 maxRecords)
   在 System.Data.Common.DbDataAdapter.FillInternal(DataSet dataset, DataTable[] datatables, Int32 startRecord, Int32 maxRecords, String srcTable, IDbCommand command, CommandBehavior behavior)
   在 System.Data.Common.DbDataAdapter.Fill(DataSet dataSet, Int32 startRecord, Int32 maxRecords, String srcTable, IDbCommand command, CommandBehavior behavior)
   在 System.Data.Common.DbDataAdapter.Fill(DataSet dataSet)
   在 XXF.Db.DbConnSql.<>c__DisplayClassd.<SqlToDataSet>b__c() 位置 e:\working\BasicService\XXFramework\project\Xiaoxiao.Framework\Xiaoxiao.Framework\Db\DbConnSql.cs:行号 317
   在 XXF.Db.DbCatch.Catch[T](Boolean istimeWatch, String datasource, String sql, List`1 procedurePar, Func`1 action) 位置 e:\working\BasicService\XXFramework\project\Xiaoxiao.Framework\Xiaoxiao.Framework\Db\DbCatch.cs:行号 48
******************************************************************************************************************************************************
【时间】2015-04-23 13:17:38:968
【补充信息】sql执行出错sql执行拦截select * from (select ROW_NUMBER() over(order by id desc) as rownum,id,nodename,nodecreatetime,nodeip,nodelastupdatetime,DATEDIFF(second ,nodelastupdatetime,GETDATE()) as nodestate from tb_node where 1=1 ) A where rownum between 1 and 10 参数
【地址】192.168.17.201
【原始信息】datediff 函数导致溢出。用于分隔两个日期/时间实例的日期部分的数字太大。请尝试使用日期部分精度较低的 datediff。
【参数】
【堆栈打印】   在 System.Data.SqlClient.SqlConnection.OnError(SqlException exception, Boolean breakConnection, Action`1 wrapCloseInAction)
   在 System.Data.SqlClient.SqlInternalConnection.OnError(SqlException exception, Boolean breakConnection, Action`1 wrapCloseInAction)
   在 System.Data.SqlClient.TdsParser.ThrowExceptionAndWarning(TdsParserStateObject stateObj, Boolean callerHasConnectionLock, Boolean asyncClose)
   在 System.Data.SqlClient.TdsParser.TryRun(RunBehavior runBehavior, SqlCommand cmdHandler, SqlDataReader dataStream, BulkCopySimpleResultSet bulkCopyHandler, TdsParserStateObject stateObj, Boolean& dataReady)
   在 System.Data.SqlClient.SqlDataReader.TryHasMoreRows(Boolean& moreRows)
   在 System.Data.SqlClient.SqlDataReader.TryReadInternal(Boolean setTimeout, Boolean& more)
   在 System.Data.SqlClient.SqlDataReader.Read()
   在 System.Data.Common.DataAdapter.FillLoadDataRow(SchemaMapping mapping)
   在 System.Data.Common.DataAdapter.FillFromReader(DataSet dataset, DataTable datatable, String srcTable, DataReaderContainer dataReader, Int32 startRecord, Int32 maxRecords, DataColumn parentChapterColumn, Object parentChapterValue)
   在 System.Data.Common.DataAdapter.Fill(DataSet dataSet, String srcTable, IDataReader dataReader, Int32 startRecord, Int32 maxRecords)
   在 System.Data.Common.DbDataAdapter.FillInternal(DataSet dataset, DataTable[] datatables, Int32 startRecord, Int32 maxRecords, String srcTable, IDbCommand command, CommandBehavior behavior)
   在 System.Data.Common.DbDataAdapter.Fill(DataSet dataSet, Int32 startRecord, Int32 maxRecords, String srcTable, IDbCommand command, CommandBehavior behavior)
   在 System.Data.Common.DbDataAdapter.Fill(DataSet dataSet)
   在 XXF.Db.DbConnSql.<>c__DisplayClassd.<SqlToDataSet>b__c() 位置 e:\working\BasicService\XXFramework\project\Xiaoxiao.Framework\Xiaoxiao.Framework\Db\DbConnSql.cs:行号 317
   在 XXF.Db.DbCatch.Catch[T](Boolean istimeWatch, String datasource, String sql, List`1 procedurePar, Func`1 action) 位置 e:\working\BasicService\XXFramework\project\Xiaoxiao.Framework\Xiaoxiao.Framework\Db\DbCatch.cs:行号 48
******************************************************************************************************************************************************
【时间】2015-04-23 13:32:11:696
【补充信息】sql执行出错sql执行拦截select * from (select ROW_NUMBER() over(order by id desc) as rownum,id,nodename,nodecreatetime,nodeip,nodelastupdatetime,DATEDIFF(second ,nodelastupdatetime,GETDATE()) as nodestate from tb_node where 1=1 ) A where rownum between 1 and 10 参数
【地址】192.168.17.201
【原始信息】datediff 函数导致溢出。用于分隔两个日期/时间实例的日期部分的数字太大。请尝试使用日期部分精度较低的 datediff。
【参数】
【堆栈打印】   在 System.Data.SqlClient.SqlConnection.OnError(SqlException exception, Boolean breakConnection, Action`1 wrapCloseInAction)
   在 System.Data.SqlClient.SqlInternalConnection.OnError(SqlException exception, Boolean breakConnection, Action`1 wrapCloseInAction)
   在 System.Data.SqlClient.TdsParser.ThrowExceptionAndWarning(TdsParserStateObject stateObj, Boolean callerHasConnectionLock, Boolean asyncClose)
   在 System.Data.SqlClient.TdsParser.TryRun(RunBehavior runBehavior, SqlCommand cmdHandler, SqlDataReader dataStream, BulkCopySimpleResultSet bulkCopyHandler, TdsParserStateObject stateObj, Boolean& dataReady)
   在 System.Data.SqlClient.SqlDataReader.TryHasMoreRows(Boolean& moreRows)
   在 System.Data.SqlClient.SqlDataReader.TryReadInternal(Boolean setTimeout, Boolean& more)
   在 System.Data.SqlClient.SqlDataReader.Read()
   在 System.Data.Common.DataAdapter.FillLoadDataRow(SchemaMapping mapping)
   在 System.Data.Common.DataAdapter.FillFromReader(DataSet dataset, DataTable datatable, String srcTable, DataReaderContainer dataReader, Int32 startRecord, Int32 maxRecords, DataColumn parentChapterColumn, Object parentChapterValue)
   在 System.Data.Common.DataAdapter.Fill(DataSet dataSet, String srcTable, IDataReader dataReader, Int32 startRecord, Int32 maxRecords)
   在 System.Data.Common.DbDataAdapter.FillInternal(DataSet dataset, DataTable[] datatables, Int32 startRecord, Int32 maxRecords, String srcTable, IDbCommand command, CommandBehavior behavior)
   在 System.Data.Common.DbDataAdapter.Fill(DataSet dataSet, Int32 startRecord, Int32 maxRecords, String srcTable, IDbCommand command, CommandBehavior behavior)
   在 System.Data.Common.DbDataAdapter.Fill(DataSet dataSet)
   在 XXF.Db.DbConnSql.<>c__DisplayClassd.<SqlToDataSet>b__c() 位置 e:\working\BasicService\XXFramework\project\Xiaoxiao.Framework\Xiaoxiao.Framework\Db\DbConnSql.cs:行号 317
   在 XXF.Db.DbCatch.Catch[T](Boolean istimeWatch, String datasource, String sql, List`1 procedurePar, Func`1 action) 位置 e:\working\BasicService\XXFramework\project\Xiaoxiao.Framework\Xiaoxiao.Framework\Db\DbCatch.cs:行号 48
******************************************************************************************************************************************************
【时间】2015-04-23 13:39:54:741
【补充信息】sql执行出错sql执行拦截update tb_node set nodeip=@nodeip,nodelastupdatetime=@nodelastupdatetime where id=@id 参数@nodename:;@nodecreatetime:2015/4/23 13:39:54;@nodeip:1231;@nodelastupdatetime:2015/4/23 13:39:54;@id:358;
【地址】192.168.17.201
【原始信息】参数化查询 '(@nodename nvarchar(4000),@nodecreatetime datetime,@nodeip nvarc' 需要参数 '@nodename'，但未提供该参数。
【参数】[nodeip:1231,2.2.2.2]
【堆栈打印】   在 System.Data.SqlClient.SqlConnection.OnError(SqlException exception, Boolean breakConnection, Action`1 wrapCloseInAction)
   在 System.Data.SqlClient.SqlInternalConnection.OnError(SqlException exception, Boolean breakConnection, Action`1 wrapCloseInAction)
   在 System.Data.SqlClient.TdsParser.ThrowExceptionAndWarning(TdsParserStateObject stateObj, Boolean callerHasConnectionLock, Boolean asyncClose)
   在 System.Data.SqlClient.TdsParser.TryRun(RunBehavior runBehavior, SqlCommand cmdHandler, SqlDataReader dataStream, BulkCopySimpleResultSet bulkCopyHandler, TdsParserStateObject stateObj, Boolean& dataReady)
   在 System.Data.SqlClient.SqlCommand.FinishExecuteReader(SqlDataReader ds, RunBehavior runBehavior, String resetOptionsString)
   在 System.Data.SqlClient.SqlCommand.RunExecuteReaderTds(CommandBehavior cmdBehavior, RunBehavior runBehavior, Boolean returnStream, Boolean async, Int32 timeout, Task& task, Boolean asyncWrite)
   在 System.Data.SqlClient.SqlCommand.RunExecuteReader(CommandBehavior cmdBehavior, RunBehavior runBehavior, Boolean returnStream, String method, TaskCompletionSource`1 completion, Int32 timeout, Task& task, Boolean asyncWrite)
   在 System.Data.SqlClient.SqlCommand.InternalExecuteNonQuery(TaskCompletionSource`1 completion, String methodName, Boolean sendToPipe, Int32 timeout, Boolean asyncWrite)
   在 System.Data.SqlClient.SqlCommand.ExecuteNonQuery()
   在 XXF.Db.DbConnSql.<>c__DisplayClass1.<ExecuteSql>b__0() 位置 e:\working\BasicService\XXFramework\project\Xiaoxiao.Framework\Xiaoxiao.Framework\Db\DbConnSql.cs:行号 144
   在 XXF.Db.DbCatch.Catch[T](Boolean istimeWatch, String datasource, String sql, List`1 procedurePar, Func`1 action) 位置 e:\working\BasicService\XXFramework\project\Xiaoxiao.Framework\Xiaoxiao.Framework\Db\DbCatch.cs:行号 48
******************************************************************************************************************************************************
【时间】2015-04-23 13:42:41:807
【补充信息】sql执行出错sql执行拦截update tb_node set nodeip=@nodeip,nodename=@nodename where id=@id 参数@nodename:;@nodeip:1231;@id:358;
【地址】192.168.17.201
【原始信息】参数化查询 '(@nodename nvarchar(4000),@nodeip nvarchar(4),@id int)update tb_' 需要参数 '@nodename'，但未提供该参数。
【参数】[nodeip:1231,2.2.2.2]
【堆栈打印】   在 System.Data.SqlClient.SqlConnection.OnError(SqlException exception, Boolean breakConnection, Action`1 wrapCloseInAction)
   在 System.Data.SqlClient.SqlInternalConnection.OnError(SqlException exception, Boolean breakConnection, Action`1 wrapCloseInAction)
   在 System.Data.SqlClient.TdsParser.ThrowExceptionAndWarning(TdsParserStateObject stateObj, Boolean callerHasConnectionLock, Boolean asyncClose)
   在 System.Data.SqlClient.TdsParser.TryRun(RunBehavior runBehavior, SqlCommand cmdHandler, SqlDataReader dataStream, BulkCopySimpleResultSet bulkCopyHandler, TdsParserStateObject stateObj, Boolean& dataReady)
   在 System.Data.SqlClient.SqlCommand.FinishExecuteReader(SqlDataReader ds, RunBehavior runBehavior, String resetOptionsString)
   在 System.Data.SqlClient.SqlCommand.RunExecuteReaderTds(CommandBehavior cmdBehavior, RunBehavior runBehavior, Boolean returnStream, Boolean async, Int32 timeout, Task& task, Boolean asyncWrite)
   在 System.Data.SqlClient.SqlCommand.RunExecuteReader(CommandBehavior cmdBehavior, RunBehavior runBehavior, Boolean returnStream, String method, TaskCompletionSource`1 completion, Int32 timeout, Task& task, Boolean asyncWrite)
   在 System.Data.SqlClient.SqlCommand.InternalExecuteNonQuery(TaskCompletionSource`1 completion, String methodName, Boolean sendToPipe, Int32 timeout, Boolean asyncWrite)
   在 System.Data.SqlClient.SqlCommand.ExecuteNonQuery()
   在 XXF.Db.DbConnSql.<>c__DisplayClass1.<ExecuteSql>b__0() 位置 e:\working\BasicService\XXFramework\project\Xiaoxiao.Framework\Xiaoxiao.Framework\Db\DbConnSql.cs:行号 144
   在 XXF.Db.DbCatch.Catch[T](Boolean istimeWatch, String datasource, String sql, List`1 procedurePar, Func`1 action) 位置 e:\working\BasicService\XXFramework\project\Xiaoxiao.Framework\Xiaoxiao.Framework\Db\DbCatch.cs:行号 48
******************************************************************************************************************************************************
【时间】2015-04-23 13:42:47:682
【补充信息】sql执行出错sql执行拦截update tb_node set nodeip=@nodeip,nodename=@nodename where id=@id 参数@nodename:;@nodeip:1231;@id:358;
【地址】192.168.17.201
【原始信息】参数化查询 '(@nodename nvarchar(4000),@nodeip nvarchar(4),@id int)update tb_' 需要参数 '@nodename'，但未提供该参数。
【参数】[nodeip:1231,2.2.2.2]
【堆栈打印】   在 System.Data.SqlClient.SqlConnection.OnError(SqlException exception, Boolean breakConnection, Action`1 wrapCloseInAction)
   在 System.Data.SqlClient.SqlInternalConnection.OnError(SqlException exception, Boolean breakConnection, Action`1 wrapCloseInAction)
   在 System.Data.SqlClient.TdsParser.ThrowExceptionAndWarning(TdsParserStateObject stateObj, Boolean callerHasConnectionLock, Boolean asyncClose)
   在 System.Data.SqlClient.TdsParser.TryRun(RunBehavior runBehavior, SqlCommand cmdHandler, SqlDataReader dataStream, BulkCopySimpleResultSet bulkCopyHandler, TdsParserStateObject stateObj, Boolean& dataReady)
   在 System.Data.SqlClient.SqlCommand.FinishExecuteReader(SqlDataReader ds, RunBehavior runBehavior, String resetOptionsString)
   在 System.Data.SqlClient.SqlCommand.RunExecuteReaderTds(CommandBehavior cmdBehavior, RunBehavior runBehavior, Boolean returnStream, Boolean async, Int32 timeout, Task& task, Boolean asyncWrite)
   在 System.Data.SqlClient.SqlCommand.RunExecuteReader(CommandBehavior cmdBehavior, RunBehavior runBehavior, Boolean returnStream, String method, TaskCompletionSource`1 completion, Int32 timeout, Task& task, Boolean asyncWrite)
   在 System.Data.SqlClient.SqlCommand.InternalExecuteNonQuery(TaskCompletionSource`1 completion, String methodName, Boolean sendToPipe, Int32 timeout, Boolean asyncWrite)
   在 System.Data.SqlClient.SqlCommand.ExecuteNonQuery()
   在 XXF.Db.DbConnSql.<>c__DisplayClass1.<ExecuteSql>b__0() 位置 e:\working\BasicService\XXFramework\project\Xiaoxiao.Framework\Xiaoxiao.Framework\Db\DbConnSql.cs:行号 144
   在 XXF.Db.DbCatch.Catch[T](Boolean istimeWatch, String datasource, String sql, List`1 procedurePar, Func`1 action) 位置 e:\working\BasicService\XXFramework\project\Xiaoxiao.Framework\Xiaoxiao.Framework\Db\DbCatch.cs:行号 48
******************************************************************************************************************************************************
【时间】2015-04-23 13:44:03:643
【补充信息】sql执行出错sql执行拦截update tb_node set nodeip=@nodeip,nodename=@nodename where id=@id 参数@nodename:;@nodeip:1231;@id:358;
【地址】192.168.17.201
【原始信息】参数化查询 '(@nodename nvarchar(4000),@nodeip nvarchar(4),@id int)update tb_' 需要参数 '@nodename'，但未提供该参数。
【参数】[nodeip:1231,2.2.2.2]
【堆栈打印】   在 System.Data.SqlClient.SqlConnection.OnError(SqlException exception, Boolean breakConnection, Action`1 wrapCloseInAction)
   在 System.Data.SqlClient.SqlInternalConnection.OnError(SqlException exception, Boolean breakConnection, Action`1 wrapCloseInAction)
   在 System.Data.SqlClient.TdsParser.ThrowExceptionAndWarning(TdsParserStateObject stateObj, Boolean callerHasConnectionLock, Boolean asyncClose)
   在 System.Data.SqlClient.TdsParser.TryRun(RunBehavior runBehavior, SqlCommand cmdHandler, SqlDataReader dataStream, BulkCopySimpleResultSet bulkCopyHandler, TdsParserStateObject stateObj, Boolean& dataReady)
   在 System.Data.SqlClient.SqlCommand.FinishExecuteReader(SqlDataReader ds, RunBehavior runBehavior, String resetOptionsString)
   在 System.Data.SqlClient.SqlCommand.RunExecuteReaderTds(CommandBehavior cmdBehavior, RunBehavior runBehavior, Boolean returnStream, Boolean async, Int32 timeout, Task& task, Boolean asyncWrite)
   在 System.Data.SqlClient.SqlCommand.RunExecuteReader(CommandBehavior cmdBehavior, RunBehavior runBehavior, Boolean returnStream, String method, TaskCompletionSource`1 completion, Int32 timeout, Task& task, Boolean asyncWrite)
   在 System.Data.SqlClient.SqlCommand.InternalExecuteNonQuery(TaskCompletionSource`1 completion, String methodName, Boolean sendToPipe, Int32 timeout, Boolean asyncWrite)
   在 System.Data.SqlClient.SqlCommand.ExecuteNonQuery()
   在 XXF.Db.DbConnSql.<>c__DisplayClass1.<ExecuteSql>b__0() 位置 e:\working\BasicService\XXFramework\project\Xiaoxiao.Framework\Xiaoxiao.Framework\Db\DbConnSql.cs:行号 144
   在 XXF.Db.DbCatch.Catch[T](Boolean istimeWatch, String datasource, String sql, List`1 procedurePar, Func`1 action) 位置 e:\working\BasicService\XXFramework\project\Xiaoxiao.Framework\Xiaoxiao.Framework\Db\DbCatch.cs:行号 48
******************************************************************************************************************************************************
【时间】2015-04-23 13:44:41:924
【补充信息】sql执行出错sql执行拦截update tb_node set nodeip=@nodeip,nodename=@nodename where id=@id 参数@nodename:;@nodeip:1231;@id:358;
【地址】192.168.17.201
【原始信息】参数化查询 '(@nodename nvarchar(4000),@nodeip nvarchar(4),@id int)update tb_' 需要参数 '@nodename'，但未提供该参数。
【参数】[nodeip:1231,2.2.2.2]
【堆栈打印】   在 System.Data.SqlClient.SqlConnection.OnError(SqlException exception, Boolean breakConnection, Action`1 wrapCloseInAction)
   在 System.Data.SqlClient.SqlInternalConnection.OnError(SqlException exception, Boolean breakConnection, Action`1 wrapCloseInAction)
   在 System.Data.SqlClient.TdsParser.ThrowExceptionAndWarning(TdsParserStateObject stateObj, Boolean callerHasConnectionLock, Boolean asyncClose)
   在 System.Data.SqlClient.TdsParser.TryRun(RunBehavior runBehavior, SqlCommand cmdHandler, SqlDataReader dataStream, BulkCopySimpleResultSet bulkCopyHandler, TdsParserStateObject stateObj, Boolean& dataReady)
   在 System.Data.SqlClient.SqlCommand.FinishExecuteReader(SqlDataReader ds, RunBehavior runBehavior, String resetOptionsString)
   在 System.Data.SqlClient.SqlCommand.RunExecuteReaderTds(CommandBehavior cmdBehavior, RunBehavior runBehavior, Boolean returnStream, Boolean async, Int32 timeout, Task& task, Boolean asyncWrite)
   在 System.Data.SqlClient.SqlCommand.RunExecuteReader(CommandBehavior cmdBehavior, RunBehavior runBehavior, Boolean returnStream, String method, TaskCompletionSource`1 completion, Int32 timeout, Task& task, Boolean asyncWrite)
   在 System.Data.SqlClient.SqlCommand.InternalExecuteNonQuery(TaskCompletionSource`1 completion, String methodName, Boolean sendToPipe, Int32 timeout, Boolean asyncWrite)
   在 System.Data.SqlClient.SqlCommand.ExecuteNonQuery()
   在 XXF.Db.DbConnSql.<>c__DisplayClass1.<ExecuteSql>b__0() 位置 e:\working\BasicService\XXFramework\project\Xiaoxiao.Framework\Xiaoxiao.Framework\Db\DbConnSql.cs:行号 144
   在 XXF.Db.DbCatch.Catch[T](Boolean istimeWatch, String datasource, String sql, List`1 procedurePar, Func`1 action) 位置 e:\working\BasicService\XXFramework\project\Xiaoxiao.Framework\Xiaoxiao.Framework\Db\DbCatch.cs:行号 48
******************************************************************************************************************************************************
【时间】2015-04-23 14:25:09:591
【补充信息】sql执行出错sql执行拦截select * from (select ROW_NUMBER() over(order by C.id desc) as rownum,C.*,T.taskname,n.nodename from tb_command C LEFT JOIN tb_task T  C.taskid=T.id left join tb_node n on C.nodeid=n.id where 1=1 ) A where rownum between 1 and 10 参数
【地址】192.168.17.201
【原始信息】'C' 附近有语法错误。
【参数】
【堆栈打印】   在 System.Data.SqlClient.SqlConnection.OnError(SqlException exception, Boolean breakConnection, Action`1 wrapCloseInAction)
   在 System.Data.SqlClient.SqlInternalConnection.OnError(SqlException exception, Boolean breakConnection, Action`1 wrapCloseInAction)
   在 System.Data.SqlClient.TdsParser.ThrowExceptionAndWarning(TdsParserStateObject stateObj, Boolean callerHasConnectionLock, Boolean asyncClose)
   在 System.Data.SqlClient.TdsParser.TryRun(RunBehavior runBehavior, SqlCommand cmdHandler, SqlDataReader dataStream, BulkCopySimpleResultSet bulkCopyHandler, TdsParserStateObject stateObj, Boolean& dataReady)
   在 System.Data.SqlClient.SqlDataReader.TryConsumeMetaData()
   在 System.Data.SqlClient.SqlDataReader.get_MetaData()
   在 System.Data.SqlClient.SqlCommand.FinishExecuteReader(SqlDataReader ds, RunBehavior runBehavior, String resetOptionsString)
   在 System.Data.SqlClient.SqlCommand.RunExecuteReaderTds(CommandBehavior cmdBehavior, RunBehavior runBehavior, Boolean returnStream, Boolean async, Int32 timeout, Task& task, Boolean asyncWrite)
   在 System.Data.SqlClient.SqlCommand.RunExecuteReader(CommandBehavior cmdBehavior, RunBehavior runBehavior, Boolean returnStream, String method, TaskCompletionSource`1 completion, Int32 timeout, Task& task, Boolean asyncWrite)
   在 System.Data.SqlClient.SqlCommand.RunExecuteReader(CommandBehavior cmdBehavior, RunBehavior runBehavior, Boolean returnStream, String method)
   在 System.Data.SqlClient.SqlCommand.ExecuteReader(CommandBehavior behavior, String method)
   在 System.Data.SqlClient.SqlCommand.ExecuteDbDataReader(CommandBehavior behavior)
   在 System.Data.Common.DbCommand.System.Data.IDbCommand.ExecuteReader(CommandBehavior behavior)
   在 System.Data.Common.DbDataAdapter.FillInternal(DataSet dataset, DataTable[] datatables, Int32 startRecord, Int32 maxRecords, String srcTable, IDbCommand command, CommandBehavior behavior)
   在 System.Data.Common.DbDataAdapter.Fill(DataSet dataSet, Int32 startRecord, Int32 maxRecords, String srcTable, IDbCommand command, CommandBehavior behavior)
   在 System.Data.Common.DbDataAdapter.Fill(DataSet dataSet)
   在 XXF.Db.DbConnSql.<>c__DisplayClassd.<SqlToDataSet>b__c() 位置 e:\working\BasicService\XXFramework\project\Xiaoxiao.Framework\Xiaoxiao.Framework\Db\DbConnSql.cs:行号 317
   在 XXF.Db.DbCatch.Catch[T](Boolean istimeWatch, String datasource, String sql, List`1 procedurePar, Func`1 action) 位置 e:\working\BasicService\XXFramework\project\Xiaoxiao.Framework\Xiaoxiao.Framework\Db\DbCatch.cs:行号 48
******************************************************************************************************************************************************
【时间】2015-04-23 14:26:11:922
【补充信息】sql执行出错sql执行拦截select * from (select ROW_NUMBER() over(order by C.id desc) as rownum,C.*,T.taskname,n.nodename from tb_command C LEFT JOIN tb_task T  C.taskid=T.id left join tb_node n on C.nodeid=n.id where 1=1 ) A where rownum between 1 and 10 参数
【地址】192.168.17.201
【原始信息】'C' 附近有语法错误。
【参数】
【堆栈打印】   在 System.Data.SqlClient.SqlConnection.OnError(SqlException exception, Boolean breakConnection, Action`1 wrapCloseInAction)
   在 System.Data.SqlClient.SqlInternalConnection.OnError(SqlException exception, Boolean breakConnection, Action`1 wrapCloseInAction)
   在 System.Data.SqlClient.TdsParser.ThrowExceptionAndWarning(TdsParserStateObject stateObj, Boolean callerHasConnectionLock, Boolean asyncClose)
   在 System.Data.SqlClient.TdsParser.TryRun(RunBehavior runBehavior, SqlCommand cmdHandler, SqlDataReader dataStream, BulkCopySimpleResultSet bulkCopyHandler, TdsParserStateObject stateObj, Boolean& dataReady)
   在 System.Data.SqlClient.SqlDataReader.TryConsumeMetaData()
   在 System.Data.SqlClient.SqlDataReader.get_MetaData()
   在 System.Data.SqlClient.SqlCommand.FinishExecuteReader(SqlDataReader ds, RunBehavior runBehavior, String resetOptionsString)
   在 System.Data.SqlClient.SqlCommand.RunExecuteReaderTds(CommandBehavior cmdBehavior, RunBehavior runBehavior, Boolean returnStream, Boolean async, Int32 timeout, Task& task, Boolean asyncWrite)
   在 System.Data.SqlClient.SqlCommand.RunExecuteReader(CommandBehavior cmdBehavior, RunBehavior runBehavior, Boolean returnStream, String method, TaskCompletionSource`1 completion, Int32 timeout, Task& task, Boolean asyncWrite)
   在 System.Data.SqlClient.SqlCommand.RunExecuteReader(CommandBehavior cmdBehavior, RunBehavior runBehavior, Boolean returnStream, String method)
   在 System.Data.SqlClient.SqlCommand.ExecuteReader(CommandBehavior behavior, String method)
   在 System.Data.SqlClient.SqlCommand.ExecuteDbDataReader(CommandBehavior behavior)
   在 System.Data.Common.DbCommand.System.Data.IDbCommand.ExecuteReader(CommandBehavior behavior)
   在 System.Data.Common.DbDataAdapter.FillInternal(DataSet dataset, DataTable[] datatables, Int32 startRecord, Int32 maxRecords, String srcTable, IDbCommand command, CommandBehavior behavior)
   在 System.Data.Common.DbDataAdapter.Fill(DataSet dataSet, Int32 startRecord, Int32 maxRecords, String srcTable, IDbCommand command, CommandBehavior behavior)
   在 System.Data.Common.DbDataAdapter.Fill(DataSet dataSet)
   在 XXF.Db.DbConnSql.<>c__DisplayClassd.<SqlToDataSet>b__c() 位置 e:\working\BasicService\XXFramework\project\Xiaoxiao.Framework\Xiaoxiao.Framework\Db\DbConnSql.cs:行号 317
   在 XXF.Db.DbCatch.Catch[T](Boolean istimeWatch, String datasource, String sql, List`1 procedurePar, Func`1 action) 位置 e:\working\BasicService\XXFramework\project\Xiaoxiao.Framework\Xiaoxiao.Framework\Db\DbCatch.cs:行号 48
******************************************************************************************************************************************************
【时间】2015-04-23 14:59:29:481
【补充信息】sql执行出错sql执行拦截insert into tb_task(taskname,categoryid,nodeid,taskcreatetime,taskruncount,taskcreateuserid,taskstate,taskversion,taskappconfigjson,taskcron,taskmainclassnamespace,taskremark,taskmainclassdllfilename)
										   values(@taskname,@categoryid,@nodeid,@taskcreatetime,@taskruncount,@taskcreateuserid,@taskstate,@taskversion,@taskappconfigjson,@taskcron,@taskmainclassnamespace,@taskremark,@taskmainclassdllfilename) select @@IDENTITY 参数@taskname:任务1;@categoryid:5;@nodeid:2;@taskcreatetime:2015/4/23 14:59:29;@taskupdatetime:2015/4/23 14:59:29;@taskerrorcount:0;@taskruncount:0;@taskcreateuserid:34;@taskstate:1;@taskversion:1;@taskappconfigjson:;@taskcron:阿德发送的;@taskmainclassnamespace:sdfasdf;@taskremark:asdf;@taskmainclassdllfilename:asdf;
【地址】192.168.17.201
【原始信息】参数化查询 '(@taskname nvarchar(3),@categoryid int,@nodeid int,@taskcreateti' 需要参数 '@taskappconfigjson'，但未提供该参数。
【参数】[taskname:任务1][categoryid:5][nodeid:2][taskappconfigjson:][taskcron:阿德发送的][taskmainclassnamespace:sdfasdf][taskmainclassdllfilename:asdf][taskremark:asdf]
【堆栈打印】   在 System.Data.SqlClient.SqlConnection.OnError(SqlException exception, Boolean breakConnection, Action`1 wrapCloseInAction)
   在 System.Data.SqlClient.SqlInternalConnection.OnError(SqlException exception, Boolean breakConnection, Action`1 wrapCloseInAction)
   在 System.Data.SqlClient.TdsParser.ThrowExceptionAndWarning(TdsParserStateObject stateObj, Boolean callerHasConnectionLock, Boolean asyncClose)
   在 System.Data.SqlClient.TdsParser.TryRun(RunBehavior runBehavior, SqlCommand cmdHandler, SqlDataReader dataStream, BulkCopySimpleResultSet bulkCopyHandler, TdsParserStateObject stateObj, Boolean& dataReady)
   在 System.Data.SqlClient.SqlDataReader.TryConsumeMetaData()
   在 System.Data.SqlClient.SqlDataReader.get_MetaData()
   在 System.Data.SqlClient.SqlCommand.FinishExecuteReader(SqlDataReader ds, RunBehavior runBehavior, String resetOptionsString)
   在 System.Data.SqlClient.SqlCommand.RunExecuteReaderTds(CommandBehavior cmdBehavior, RunBehavior runBehavior, Boolean returnStream, Boolean async, Int32 timeout, Task& task, Boolean asyncWrite)
   在 System.Data.SqlClient.SqlCommand.RunExecuteReader(CommandBehavior cmdBehavior, RunBehavior runBehavior, Boolean returnStream, String method, TaskCompletionSource`1 completion, Int32 timeout, Task& task, Boolean asyncWrite)
   在 System.Data.SqlClient.SqlCommand.RunExecuteReader(CommandBehavior cmdBehavior, RunBehavior runBehavior, Boolean returnStream, String method)
   在 System.Data.SqlClient.SqlCommand.ExecuteScalar()
   在 XXF.Db.DbConnSql.<>c__DisplayClass4.<ExecuteScalar>b__3() 位置 e:\working\BasicService\XXFramework\project\Xiaoxiao.Framework\Xiaoxiao.Framework\Db\DbConnSql.cs:行号 166
   在 XXF.Db.DbCatch.Catch[T](Boolean istimeWatch, String datasource, String sql, List`1 procedurePar, Func`1 action) 位置 e:\working\BasicService\XXFramework\project\Xiaoxiao.Framework\Xiaoxiao.Framework\Db\DbCatch.cs:行号 48
******************************************************************************************************************************************************
【时间】2015-04-23 15:02:28:754
【补充信息】sql执行出错sql执行拦截insert into tb_task(taskname,categoryid,nodeid,taskcreatetime,taskruncount,taskcreateuserid,taskstate,taskversion,taskappconfigjson,taskcron,taskmainclassnamespace,taskremark,taskmainclassdllfilename)
										   values(@taskname,@categoryid,@nodeid,@taskcreatetime,@taskruncount,@taskcreateuserid,@taskstate,@taskversion,@taskappconfigjson,@taskcron,@taskmainclassnamespace,@taskremark,@taskmainclassdllfilename) select @@IDENTITY 参数@taskname:任务1;@categoryid:5;@nodeid:2;@taskcreatetime:2015/4/23 15:01:02;@taskupdatetime:2015/4/23 15:01:02;@taskerrorcount:0;@taskruncount:0;@taskcreateuserid:34;@taskstate:1;@taskversion:1;@taskappconfigjson:;@taskcron:阿德发送的;@taskmainclassnamespace:sdfasdf;@taskremark:asdf;@taskmainclassdllfilename:asdf;
【地址】192.168.17.201
【原始信息】参数化查询 '(@taskname nvarchar(3),@categoryid int,@nodeid int,@taskcreateti' 需要参数 '@taskappconfigjson'，但未提供该参数。
【参数】[taskname:任务1][categoryid:5][nodeid:2][taskappconfigjson:][taskcron:阿德发送的][taskmainclassnamespace:sdfasdf][taskmainclassdllfilename:asdf][taskremark:asdf]
【堆栈打印】   在 System.Data.SqlClient.SqlConnection.OnError(SqlException exception, Boolean breakConnection, Action`1 wrapCloseInAction)
   在 System.Data.SqlClient.SqlInternalConnection.OnError(SqlException exception, Boolean breakConnection, Action`1 wrapCloseInAction)
   在 System.Data.SqlClient.TdsParser.ThrowExceptionAndWarning(TdsParserStateObject stateObj, Boolean callerHasConnectionLock, Boolean asyncClose)
   在 System.Data.SqlClient.TdsParser.TryRun(RunBehavior runBehavior, SqlCommand cmdHandler, SqlDataReader dataStream, BulkCopySimpleResultSet bulkCopyHandler, TdsParserStateObject stateObj, Boolean& dataReady)
   在 System.Data.SqlClient.SqlDataReader.TryConsumeMetaData()
   在 System.Data.SqlClient.SqlDataReader.get_MetaData()
   在 System.Data.SqlClient.SqlCommand.FinishExecuteReader(SqlDataReader ds, RunBehavior runBehavior, String resetOptionsString)
   在 System.Data.SqlClient.SqlCommand.RunExecuteReaderTds(CommandBehavior cmdBehavior, RunBehavior runBehavior, Boolean returnStream, Boolean async, Int32 timeout, Task& task, Boolean asyncWrite)
   在 System.Data.SqlClient.SqlCommand.RunExecuteReader(CommandBehavior cmdBehavior, RunBehavior runBehavior, Boolean returnStream, String method, TaskCompletionSource`1 completion, Int32 timeout, Task& task, Boolean asyncWrite)
   在 System.Data.SqlClient.SqlCommand.RunExecuteReader(CommandBehavior cmdBehavior, RunBehavior runBehavior, Boolean returnStream, String method)
   在 System.Data.SqlClient.SqlCommand.ExecuteScalar()
   在 XXF.Db.DbConnSql.<>c__DisplayClass4.<ExecuteScalar>b__3() 位置 e:\working\BasicService\XXFramework\project\Xiaoxiao.Framework\Xiaoxiao.Framework\Db\DbConnSql.cs:行号 166
   在 XXF.Db.DbCatch.Catch[T](Boolean istimeWatch, String datasource, String sql, List`1 procedurePar, Func`1 action) 位置 e:\working\BasicService\XXFramework\project\Xiaoxiao.Framework\Xiaoxiao.Framework\Db\DbCatch.cs:行号 48
******************************************************************************************************************************************************
【时间】2015-04-23 15:05:22:562
【补充信息】sql执行出错sql执行拦截insert into tb_task(taskname,categoryid,nodeid,taskcreatetime,taskruncount,taskcreateuserid,taskstate,taskversion,taskappconfigjson,taskcron,taskmainclassnamespace,taskremark,taskmainclassdllfilename)
										   values(@taskname,@categoryid,@nodeid,@taskcreatetime,@taskruncount,@taskcreateuserid,@taskstate,@taskversion,@taskappconfigjson,@taskcron,@taskmainclassnamespace,@taskremark,@taskmainclassdllfilename) select @@IDENTITY 参数@taskname:任务1;@categoryid:5;@nodeid:2;@taskcreatetime:2015/4/23 15:04:53;@taskupdatetime:2015/4/23 15:04:53;@taskerrorcount:0;@taskruncount:0;@taskcreateuserid:34;@taskstate:1;@taskversion:1;@taskappconfigjson:;@taskcron:阿德发送的;@taskmainclassnamespace:sdfasdf;@taskremark:asdf;@taskmainclassdllfilename:asdf;
【地址】192.168.17.201
【原始信息】参数化查询 '(@taskname nvarchar(3),@categoryid int,@nodeid int,@taskcreateti' 需要参数 '@taskappconfigjson'，但未提供该参数。
【参数】[taskname:任务1][categoryid:5][nodeid:2][taskappconfigjson:][taskcron:阿德发送的][taskmainclassnamespace:sdfasdf][taskmainclassdllfilename:asdf][taskremark:asdf]
【堆栈打印】   在 System.Data.SqlClient.SqlConnection.OnError(SqlException exception, Boolean breakConnection, Action`1 wrapCloseInAction)
   在 System.Data.SqlClient.SqlInternalConnection.OnError(SqlException exception, Boolean breakConnection, Action`1 wrapCloseInAction)
   在 System.Data.SqlClient.TdsParser.ThrowExceptionAndWarning(TdsParserStateObject stateObj, Boolean callerHasConnectionLock, Boolean asyncClose)
   在 System.Data.SqlClient.TdsParser.TryRun(RunBehavior runBehavior, SqlCommand cmdHandler, SqlDataReader dataStream, BulkCopySimpleResultSet bulkCopyHandler, TdsParserStateObject stateObj, Boolean& dataReady)
   在 System.Data.SqlClient.SqlDataReader.TryConsumeMetaData()
   在 System.Data.SqlClient.SqlDataReader.get_MetaData()
   在 System.Data.SqlClient.SqlCommand.FinishExecuteReader(SqlDataReader ds, RunBehavior runBehavior, String resetOptionsString)
   在 System.Data.SqlClient.SqlCommand.RunExecuteReaderTds(CommandBehavior cmdBehavior, RunBehavior runBehavior, Boolean returnStream, Boolean async, Int32 timeout, Task& task, Boolean asyncWrite)
   在 System.Data.SqlClient.SqlCommand.RunExecuteReader(CommandBehavior cmdBehavior, RunBehavior runBehavior, Boolean returnStream, String method, TaskCompletionSource`1 completion, Int32 timeout, Task& task, Boolean asyncWrite)
   在 System.Data.SqlClient.SqlCommand.RunExecuteReader(CommandBehavior cmdBehavior, RunBehavior runBehavior, Boolean returnStream, String method)
   在 System.Data.SqlClient.SqlCommand.ExecuteScalar()
   在 XXF.Db.DbConnSql.<>c__DisplayClass4.<ExecuteScalar>b__3() 位置 e:\working\BasicService\XXFramework\project\Xiaoxiao.Framework\Xiaoxiao.Framework\Db\DbConnSql.cs:行号 166
   在 XXF.Db.DbCatch.Catch[T](Boolean istimeWatch, String datasource, String sql, List`1 procedurePar, Func`1 action) 位置 e:\working\BasicService\XXFramework\project\Xiaoxiao.Framework\Xiaoxiao.Framework\Db\DbCatch.cs:行号 48
******************************************************************************************************************************************************
【时间】2015-04-23 15:05:51:739
【补充信息】sql执行出错sql执行拦截insert into tb_task(taskname,categoryid,nodeid,taskcreatetime,taskruncount,taskcreateuserid,taskstate,taskversion,taskappconfigjson,taskcron,taskmainclassnamespace,taskremark,taskmainclassdllfilename)
										   values(@taskname,@categoryid,@nodeid,@taskcreatetime,@taskruncount,@taskcreateuserid,@taskstate,@taskversion,@taskappconfigjson,@taskcron,@taskmainclassnamespace,@taskremark,@taskmainclassdllfilename) select @@IDENTITY 参数@taskname:任务1;@categoryid:5;@nodeid:2;@taskcreatetime:2015/4/23 15:05:33;@taskupdatetime:2015/4/23 15:05:33;@taskerrorcount:0;@taskruncount:0;@taskcreateuserid:34;@taskstate:1;@taskversion:1;@taskappconfigjson:aaa;@taskcron:阿德发送的;@taskmainclassnamespace:sdfasdf;@taskremark:;@taskmainclassdllfilename:asdf;
【地址】192.168.17.201
【原始信息】参数化查询 '(@taskname nvarchar(3),@categoryid int,@nodeid int,@taskcreateti' 需要参数 '@taskremark'，但未提供该参数。
【参数】[taskname:任务1][categoryid:5][nodeid:2][taskappconfigjson:aaa][taskcron:阿德发送的][taskmainclassnamespace:sdfasdf][taskmainclassdllfilename:asdf][taskremark:]
【堆栈打印】   在 System.Data.SqlClient.SqlConnection.OnError(SqlException exception, Boolean breakConnection, Action`1 wrapCloseInAction)
   在 System.Data.SqlClient.SqlInternalConnection.OnError(SqlException exception, Boolean breakConnection, Action`1 wrapCloseInAction)
   在 System.Data.SqlClient.TdsParser.ThrowExceptionAndWarning(TdsParserStateObject stateObj, Boolean callerHasConnectionLock, Boolean asyncClose)
   在 System.Data.SqlClient.TdsParser.TryRun(RunBehavior runBehavior, SqlCommand cmdHandler, SqlDataReader dataStream, BulkCopySimpleResultSet bulkCopyHandler, TdsParserStateObject stateObj, Boolean& dataReady)
   在 System.Data.SqlClient.SqlDataReader.TryConsumeMetaData()
   在 System.Data.SqlClient.SqlDataReader.get_MetaData()
   在 System.Data.SqlClient.SqlCommand.FinishExecuteReader(SqlDataReader ds, RunBehavior runBehavior, String resetOptionsString)
   在 System.Data.SqlClient.SqlCommand.RunExecuteReaderTds(CommandBehavior cmdBehavior, RunBehavior runBehavior, Boolean returnStream, Boolean async, Int32 timeout, Task& task, Boolean asyncWrite)
   在 System.Data.SqlClient.SqlCommand.RunExecuteReader(CommandBehavior cmdBehavior, RunBehavior runBehavior, Boolean returnStream, String method, TaskCompletionSource`1 completion, Int32 timeout, Task& task, Boolean asyncWrite)
   在 System.Data.SqlClient.SqlCommand.RunExecuteReader(CommandBehavior cmdBehavior, RunBehavior runBehavior, Boolean returnStream, String method)
   在 System.Data.SqlClient.SqlCommand.ExecuteScalar()
   在 XXF.Db.DbConnSql.<>c__DisplayClass4.<ExecuteScalar>b__3() 位置 e:\working\BasicService\XXFramework\project\Xiaoxiao.Framework\Xiaoxiao.Framework\Db\DbConnSql.cs:行号 166
   在 XXF.Db.DbCatch.Catch[T](Boolean istimeWatch, String datasource, String sql, List`1 procedurePar, Func`1 action) 位置 e:\working\BasicService\XXFramework\project\Xiaoxiao.Framework\Xiaoxiao.Framework\Db\DbCatch.cs:行号 48
******************************************************************************************************************************************************
【时间】2015-04-23 15:17:07:477
【补充信息】sql执行出错sql执行拦截insert into tb_version(taskid,version,versioncreatetime,zipfile,zipfilename)
										   values(@taskid,@version,@versioncreatetime,@zipfile,@zipfilename) 参数@taskid:13;@version:1;@versioncreatetime:2015/4/23 15:17:07;@zipfile:System.Byte[];@zipfilename:redis-2.4.5-win32-win64.zip;
【地址】192.168.17.201
【原始信息】将截断字符串或二进制数据。
语句已终止。
【参数】[taskname:asdf][categoryid:5][nodeid:2][taskappconfigjson:asdf][taskcron:as][taskmainclassnamespace:a][taskmainclassdllfilename:a][taskremark:taskremarktaskremarktaskremarktaskremark]
【堆栈打印】   在 System.Data.SqlClient.SqlConnection.OnError(SqlException exception, Boolean breakConnection, Action`1 wrapCloseInAction)
   在 System.Data.SqlClient.SqlInternalConnection.OnError(SqlException exception, Boolean breakConnection, Action`1 wrapCloseInAction)
   在 System.Data.SqlClient.TdsParser.ThrowExceptionAndWarning(TdsParserStateObject stateObj, Boolean callerHasConnectionLock, Boolean asyncClose)
   在 System.Data.SqlClient.TdsParser.TryRun(RunBehavior runBehavior, SqlCommand cmdHandler, SqlDataReader dataStream, BulkCopySimpleResultSet bulkCopyHandler, TdsParserStateObject stateObj, Boolean& dataReady)
   在 System.Data.SqlClient.SqlCommand.FinishExecuteReader(SqlDataReader ds, RunBehavior runBehavior, String resetOptionsString)
   在 System.Data.SqlClient.SqlCommand.RunExecuteReaderTds(CommandBehavior cmdBehavior, RunBehavior runBehavior, Boolean returnStream, Boolean async, Int32 timeout, Task& task, Boolean asyncWrite)
   在 System.Data.SqlClient.SqlCommand.RunExecuteReader(CommandBehavior cmdBehavior, RunBehavior runBehavior, Boolean returnStream, String method, TaskCompletionSource`1 completion, Int32 timeout, Task& task, Boolean asyncWrite)
   在 System.Data.SqlClient.SqlCommand.InternalExecuteNonQuery(TaskCompletionSource`1 completion, String methodName, Boolean sendToPipe, Int32 timeout, Boolean asyncWrite)
   在 System.Data.SqlClient.SqlCommand.ExecuteNonQuery()
   在 XXF.Db.DbConnSql.<>c__DisplayClass1.<ExecuteSql>b__0() 位置 e:\working\BasicService\XXFramework\project\Xiaoxiao.Framework\Xiaoxiao.Framework\Db\DbConnSql.cs:行号 144
   在 XXF.Db.DbCatch.Catch[T](Boolean istimeWatch, String datasource, String sql, List`1 procedurePar, Func`1 action) 位置 e:\working\BasicService\XXFramework\project\Xiaoxiao.Framework\Xiaoxiao.Framework\Db\DbCatch.cs:行号 48
******************************************************************************************************************************************************
【时间】2015-04-23 15:17:15:963
【补充信息】sql执行出错sql执行拦截insert into tb_version(taskid,version,versioncreatetime,zipfile,zipfilename)
										   values(@taskid,@version,@versioncreatetime,@zipfile,@zipfilename) 参数@taskid:14;@version:1;@versioncreatetime:2015/4/23 15:17:15;@zipfile:System.Byte[];@zipfilename:redis-2.4.5-win32-win64.zip;
【地址】192.168.17.201
【原始信息】将截断字符串或二进制数据。
语句已终止。
【参数】[taskname:asdf][categoryid:5][nodeid:2][taskappconfigjson:asdf][taskcron:as][taskmainclassnamespace:a][taskmainclassdllfilename:a][taskremark:taskremarktaskremarktaskremarktaskremarktaskremarktaskremarktaskremark]
【堆栈打印】   在 System.Data.SqlClient.SqlConnection.OnError(SqlException exception, Boolean breakConnection, Action`1 wrapCloseInAction)
   在 System.Data.SqlClient.SqlInternalConnection.OnError(SqlException exception, Boolean breakConnection, Action`1 wrapCloseInAction)
   在 System.Data.SqlClient.TdsParser.ThrowExceptionAndWarning(TdsParserStateObject stateObj, Boolean callerHasConnectionLock, Boolean asyncClose)
   在 System.Data.SqlClient.TdsParser.TryRun(RunBehavior runBehavior, SqlCommand cmdHandler, SqlDataReader dataStream, BulkCopySimpleResultSet bulkCopyHandler, TdsParserStateObject stateObj, Boolean& dataReady)
   在 System.Data.SqlClient.SqlCommand.FinishExecuteReader(SqlDataReader ds, RunBehavior runBehavior, String resetOptionsString)
   在 System.Data.SqlClient.SqlCommand.RunExecuteReaderTds(CommandBehavior cmdBehavior, RunBehavior runBehavior, Boolean returnStream, Boolean async, Int32 timeout, Task& task, Boolean asyncWrite)
   在 System.Data.SqlClient.SqlCommand.RunExecuteReader(CommandBehavior cmdBehavior, RunBehavior runBehavior, Boolean returnStream, String method, TaskCompletionSource`1 completion, Int32 timeout, Task& task, Boolean asyncWrite)
   在 System.Data.SqlClient.SqlCommand.InternalExecuteNonQuery(TaskCompletionSource`1 completion, String methodName, Boolean sendToPipe, Int32 timeout, Boolean asyncWrite)
   在 System.Data.SqlClient.SqlCommand.ExecuteNonQuery()
   在 XXF.Db.DbConnSql.<>c__DisplayClass1.<ExecuteSql>b__0() 位置 e:\working\BasicService\XXFramework\project\Xiaoxiao.Framework\Xiaoxiao.Framework\Db\DbConnSql.cs:行号 144
   在 XXF.Db.DbCatch.Catch[T](Boolean istimeWatch, String datasource, String sql, List`1 procedurePar, Func`1 action) 位置 e:\working\BasicService\XXFramework\project\Xiaoxiao.Framework\Xiaoxiao.Framework\Db\DbCatch.cs:行号 48
******************************************************************************************************************************************************
【时间】2015-04-23 15:19:56:069
【补充信息】sql执行出错sql执行拦截insert into tb_version(taskid,version,versioncreatetime,zipfile,zipfilename)
										   values(@taskid,@version,@versioncreatetime,@zipfile,@zipfilename) 参数@taskid:16;@version:1;@versioncreatetime:2015/4/23 15:19:56;@zipfile:System.Byte[];@zipfilename:redis-2.4.5-win32-win64.zip;
【地址】192.168.17.201
【原始信息】将截断字符串或二进制数据。
语句已终止。
【参数】[taskname:a][categoryid:5][nodeid:2][taskappconfigjson:][taskcron:a][taskmainclassnamespace:a][taskmainclassdllfilename:a][taskremark:sqlserversqlserversqlserversqlserver]
【堆栈打印】   在 System.Data.SqlClient.SqlConnection.OnError(SqlException exception, Boolean breakConnection, Action`1 wrapCloseInAction)
   在 System.Data.SqlClient.SqlInternalConnection.OnError(SqlException exception, Boolean breakConnection, Action`1 wrapCloseInAction)
   在 System.Data.SqlClient.TdsParser.ThrowExceptionAndWarning(TdsParserStateObject stateObj, Boolean callerHasConnectionLock, Boolean asyncClose)
   在 System.Data.SqlClient.TdsParser.TryRun(RunBehavior runBehavior, SqlCommand cmdHandler, SqlDataReader dataStream, BulkCopySimpleResultSet bulkCopyHandler, TdsParserStateObject stateObj, Boolean& dataReady)
   在 System.Data.SqlClient.SqlCommand.FinishExecuteReader(SqlDataReader ds, RunBehavior runBehavior, String resetOptionsString)
   在 System.Data.SqlClient.SqlCommand.RunExecuteReaderTds(CommandBehavior cmdBehavior, RunBehavior runBehavior, Boolean returnStream, Boolean async, Int32 timeout, Task& task, Boolean asyncWrite)
   在 System.Data.SqlClient.SqlCommand.RunExecuteReader(CommandBehavior cmdBehavior, RunBehavior runBehavior, Boolean returnStream, String method, TaskCompletionSource`1 completion, Int32 timeout, Task& task, Boolean asyncWrite)
   在 System.Data.SqlClient.SqlCommand.InternalExecuteNonQuery(TaskCompletionSource`1 completion, String methodName, Boolean sendToPipe, Int32 timeout, Boolean asyncWrite)
   在 System.Data.SqlClient.SqlCommand.ExecuteNonQuery()
   在 XXF.Db.DbConnSql.<>c__DisplayClass1.<ExecuteSql>b__0() 位置 e:\working\BasicService\XXFramework\project\Xiaoxiao.Framework\Xiaoxiao.Framework\Db\DbConnSql.cs:行号 144
   在 XXF.Db.DbCatch.Catch[T](Boolean istimeWatch, String datasource, String sql, List`1 procedurePar, Func`1 action) 位置 e:\working\BasicService\XXFramework\project\Xiaoxiao.Framework\Xiaoxiao.Framework\Db\DbCatch.cs:行号 48
******************************************************************************************************************************************************
【时间】2015-04-23 15:21:41:413
【补充信息】sql执行出错sql执行拦截insert into tb_version(taskid,version,versioncreatetime,zipfile,zipfilename)
										   values(@taskid,@version,@versioncreatetime,@zipfile,@zipfilename) 参数@taskid:17;@version:1;@versioncreatetime:2015/4/23 15:21:22;@zipfile:System.Byte[];@zipfilename:redis-2.4.5-win32-win64.zip;
【地址】192.168.17.201
【原始信息】将截断字符串或二进制数据。
语句已终止。
【参数】[taskname:a][categoryid:5][nodeid:2][taskappconfigjson:][taskcron:a][taskmainclassnamespace:a][taskmainclassdllfilename:a][taskremark:sqlserversqlserversqlserversqlserver]
【堆栈打印】   在 System.Data.SqlClient.SqlConnection.OnError(SqlException exception, Boolean breakConnection, Action`1 wrapCloseInAction)
   在 System.Data.SqlClient.SqlInternalConnection.OnError(SqlException exception, Boolean breakConnection, Action`1 wrapCloseInAction)
   在 System.Data.SqlClient.TdsParser.ThrowExceptionAndWarning(TdsParserStateObject stateObj, Boolean callerHasConnectionLock, Boolean asyncClose)
   在 System.Data.SqlClient.TdsParser.TryRun(RunBehavior runBehavior, SqlCommand cmdHandler, SqlDataReader dataStream, BulkCopySimpleResultSet bulkCopyHandler, TdsParserStateObject stateObj, Boolean& dataReady)
   在 System.Data.SqlClient.SqlCommand.FinishExecuteReader(SqlDataReader ds, RunBehavior runBehavior, String resetOptionsString)
   在 System.Data.SqlClient.SqlCommand.RunExecuteReaderTds(CommandBehavior cmdBehavior, RunBehavior runBehavior, Boolean returnStream, Boolean async, Int32 timeout, Task& task, Boolean asyncWrite)
   在 System.Data.SqlClient.SqlCommand.RunExecuteReader(CommandBehavior cmdBehavior, RunBehavior runBehavior, Boolean returnStream, String method, TaskCompletionSource`1 completion, Int32 timeout, Task& task, Boolean asyncWrite)
   在 System.Data.SqlClient.SqlCommand.InternalExecuteNonQuery(TaskCompletionSource`1 completion, String methodName, Boolean sendToPipe, Int32 timeout, Boolean asyncWrite)
   在 System.Data.SqlClient.SqlCommand.ExecuteNonQuery()
   在 XXF.Db.DbConnSql.<>c__DisplayClass1.<ExecuteSql>b__0() 位置 e:\working\BasicService\XXFramework\project\Xiaoxiao.Framework\Xiaoxiao.Framework\Db\DbConnSql.cs:行号 144
   在 XXF.Db.DbCatch.Catch[T](Boolean istimeWatch, String datasource, String sql, List`1 procedurePar, Func`1 action) 位置 e:\working\BasicService\XXFramework\project\Xiaoxiao.Framework\Xiaoxiao.Framework\Db\DbCatch.cs:行号 48
******************************************************************************************************************************************************
