【时间】2015-04-27 11:32:37:352
【补充信息】sql执行出错sql执行拦截select id,nodename,nodecreatetime,nodeip,nodelastupdatetime,ifcheckstate from tb_node where nodelastupdatetime<@nodelastupdatetime and ifcheckstate=true 参数@nodelastupdatetime:2015/4/27 11:22:20;
【地址】192.168.17.201
【原始信息】列名 'true' 无效。
【参数】
【堆栈打印】   在 System.Data.SqlClient.SqlConnection.OnError(SqlException exception, Boolean breakConnection, Action`1 wrapCloseInAction)
   在 System.Data.SqlClient.SqlInternalConnection.OnError(SqlException exception, Boolean breakConnection, Action`1 wrapCloseInAction)
   在 System.Data.SqlClient.TdsParser.ThrowExceptionAndWarning(TdsParserStateObject stateObj, Boolean callerHasConnectionLock, Boolean asyncClose)
   在 System.Data.SqlClient.TdsParser.TryRun(RunBehavior runBehavior, SqlCommand cmdHandler, SqlDataReader dataStream, BulkCopySimpleResultSet bulkCopyHandler, TdsParserStateObject stateObj, Boolean& dataReady)
   在 System.Data.SqlClient.SqlDataReader.TryConsumeMetaData()
   在 System.Data.SqlClient.SqlDataReader.get_MetaData()
   在 System.Data.SqlClient.SqlCommand.FinishExecuteReader(SqlDataReader ds, RunBehavior runBehavior, String resetOptionsString)
   在 System.Data.SqlClient.SqlCommand.RunExecuteReaderTds(CommandBehavior cmdBehavior, RunBehavior runBehavior, Boolean returnStream, Boolean async, Int32 timeout, Task& task, Boolean asyncWrite)
   在 System.Data.SqlClient.SqlCommand.RunExecuteReader(CommandBehavior cmdBehavior, RunBehavior runBehavior, Boolean returnStream, String method, TaskCompletionSource`1 completion, Int32 timeout, Task& task, Boolean asyncWrite)
   在 System.Data.SqlClient.SqlCommand.RunExecuteReader(CommandBehavior cmdBehavior, RunBehavior runBehavior, Boolean returnStream, String method)
   在 System.Data.SqlClient.SqlCommand.ExecuteReader(CommandBehavior behavior, String method)
   在 System.Data.SqlClient.SqlCommand.ExecuteDbDataReader(CommandBehavior behavior)
   在 System.Data.Common.DbCommand.System.Data.IDbCommand.ExecuteReader(CommandBehavior behavior)
   在 System.Data.Common.DbDataAdapter.FillInternal(DataSet dataset, DataTable[] datatables, Int32 startRecord, Int32 maxRecords, String srcTable, IDbCommand command, CommandBehavior behavior)
   在 System.Data.Common.DbDataAdapter.Fill(DataSet dataSet, Int32 startRecord, Int32 maxRecords, String srcTable, IDbCommand command, CommandBehavior behavior)
   在 System.Data.Common.DbDataAdapter.Fill(DataSet dataSet)
   在 XXF.Db.DbConnSql.<>c__DisplayClassd.<SqlToDataSet>b__c() 位置 e:\working\BasicService\XXFramework\project\Xiaoxiao.Framework\Xiaoxiao.Framework\Db\DbConnSql.cs:行号 317
   在 XXF.Db.DbCatch.Catch[T](Boolean istimeWatch, String datasource, String sql, List`1 procedurePar, Func`1 action) 位置 e:\working\BasicService\XXFramework\project\Xiaoxiao.Framework\Xiaoxiao.Framework\Db\DbCatch.cs:行号 48
******************************************************************************************************************************************************
【时间】2015-04-27 11:32:37:380
【补充信息】后台任务-Dyd.BaseService.TaskManager.Web.BackgroundTask.NodeStateCheckTask:列名 'true' 无效。
【地址】192.168.17.201
【原始信息】列名 'true' 无效。
【参数】
【堆栈打印】   在 XXF.ProjectTool.SqlHelper.Visit[T](Func`2 action) 位置 e:\working\BasicService\XXFramework\project\Xiaoxiao.Framework\Xiaoxiao.Framework\ProjectTool\SqlHelper.cs:行号 233
   在 Dyd.BaseService.TaskManager.Domain.Dal.tb_node_dal.GetAllStopNodesWithNeedCheckState(DbConn PubConn) 位置 e:\working\BasicService\Dyd.BaseService.TaskManager\Dyd.BaseService.TaskManager.Domain\Dal\tb_node_dal.cs:行号 155
   在 Dyd.BaseService.TaskManager.Web.BackgroundTask.NodeStateCheckTask.<>c__DisplayClass2.<Run>b__1(DbConn c) 位置 e:\working\BasicService\Dyd.BaseService.TaskManager\Dyd.BaseService.TaskManager.Web\BackgroundTask\NodeStateCheckTask.cs:行号 21
   在 XXF.ProjectTool.SqlHelper.ExcuteSql(String connectstring, Action`1 action) 位置 e:\working\BasicService\XXFramework\project\Xiaoxiao.Framework\Xiaoxiao.Framework\ProjectTool\SqlHelper.cs:行号 258
   在 Dyd.BaseService.TaskManager.Web.BackgroundTask.NodeStateCheckTask.Run() 位置 e:\working\BasicService\Dyd.BaseService.TaskManager\Dyd.BaseService.TaskManager.Web\BackgroundTask\NodeStateCheckTask.cs:行号 19
   在 Dyd.BaseService.TaskManager.Web.BackgroundTask.BackgroundTasks.Run() 位置 e:\working\BasicService\Dyd.BaseService.TaskManager\Dyd.BaseService.TaskManager.Web\BackgroundTask\BackgroundTasks.cs:行号 56
******************************************************************************************************************************************************
【时间】2015-04-27 11:33:22:099
【补充信息】sql执行出错sql执行拦截select id,nodename,nodecreatetime,nodeip,nodelastupdatetime,ifcheckstate from tb_node where nodelastupdatetime<@nodelastupdatetime and ifcheckstate=true 参数@nodelastupdatetime:2015/4/27 11:23:05;
【地址】192.168.17.201
【原始信息】列名 'true' 无效。
【参数】
【堆栈打印】   在 System.Data.SqlClient.SqlConnection.OnError(SqlException exception, Boolean breakConnection, Action`1 wrapCloseInAction)
   在 System.Data.SqlClient.SqlInternalConnection.OnError(SqlException exception, Boolean breakConnection, Action`1 wrapCloseInAction)
   在 System.Data.SqlClient.TdsParser.ThrowExceptionAndWarning(TdsParserStateObject stateObj, Boolean callerHasConnectionLock, Boolean asyncClose)
   在 System.Data.SqlClient.TdsParser.TryRun(RunBehavior runBehavior, SqlCommand cmdHandler, SqlDataReader dataStream, BulkCopySimpleResultSet bulkCopyHandler, TdsParserStateObject stateObj, Boolean& dataReady)
   在 System.Data.SqlClient.SqlDataReader.TryConsumeMetaData()
   在 System.Data.SqlClient.SqlDataReader.get_MetaData()
   在 System.Data.SqlClient.SqlCommand.FinishExecuteReader(SqlDataReader ds, RunBehavior runBehavior, String resetOptionsString)
   在 System.Data.SqlClient.SqlCommand.RunExecuteReaderTds(CommandBehavior cmdBehavior, RunBehavior runBehavior, Boolean returnStream, Boolean async, Int32 timeout, Task& task, Boolean asyncWrite)
   在 System.Data.SqlClient.SqlCommand.RunExecuteReader(CommandBehavior cmdBehavior, RunBehavior runBehavior, Boolean returnStream, String method, TaskCompletionSource`1 completion, Int32 timeout, Task& task, Boolean asyncWrite)
   在 System.Data.SqlClient.SqlCommand.RunExecuteReader(CommandBehavior cmdBehavior, RunBehavior runBehavior, Boolean returnStream, String method)
   在 System.Data.SqlClient.SqlCommand.ExecuteReader(CommandBehavior behavior, String method)
   在 System.Data.SqlClient.SqlCommand.ExecuteDbDataReader(CommandBehavior behavior)
   在 System.Data.Common.DbCommand.System.Data.IDbCommand.ExecuteReader(CommandBehavior behavior)
   在 System.Data.Common.DbDataAdapter.FillInternal(DataSet dataset, DataTable[] datatables, Int32 startRecord, Int32 maxRecords, String srcTable, IDbCommand command, CommandBehavior behavior)
   在 System.Data.Common.DbDataAdapter.Fill(DataSet dataSet, Int32 startRecord, Int32 maxRecords, String srcTable, IDbCommand command, CommandBehavior behavior)
   在 System.Data.Common.DbDataAdapter.Fill(DataSet dataSet)
   在 XXF.Db.DbConnSql.<>c__DisplayClassd.<SqlToDataSet>b__c() 位置 e:\working\BasicService\XXFramework\project\Xiaoxiao.Framework\Xiaoxiao.Framework\Db\DbConnSql.cs:行号 317
   在 XXF.Db.DbCatch.Catch[T](Boolean istimeWatch, String datasource, String sql, List`1 procedurePar, Func`1 action) 位置 e:\working\BasicService\XXFramework\project\Xiaoxiao.Framework\Xiaoxiao.Framework\Db\DbCatch.cs:行号 48
******************************************************************************************************************************************************
【时间】2015-04-27 11:33:49:652
【补充信息】sql执行出错sql执行拦截select id,nodename,nodecreatetime,nodeip,nodelastupdatetime,ifcheckstate from tb_node where nodelastupdatetime<@nodelastupdatetime and ifcheckstate=true 参数@nodelastupdatetime:2015/4/27 11:23:33;
【地址】192.168.17.201
【原始信息】列名 'true' 无效。
【参数】
【堆栈打印】   在 System.Data.SqlClient.SqlConnection.OnError(SqlException exception, Boolean breakConnection, Action`1 wrapCloseInAction)
   在 System.Data.SqlClient.SqlInternalConnection.OnError(SqlException exception, Boolean breakConnection, Action`1 wrapCloseInAction)
   在 System.Data.SqlClient.TdsParser.ThrowExceptionAndWarning(TdsParserStateObject stateObj, Boolean callerHasConnectionLock, Boolean asyncClose)
   在 System.Data.SqlClient.TdsParser.TryRun(RunBehavior runBehavior, SqlCommand cmdHandler, SqlDataReader dataStream, BulkCopySimpleResultSet bulkCopyHandler, TdsParserStateObject stateObj, Boolean& dataReady)
   在 System.Data.SqlClient.SqlDataReader.TryConsumeMetaData()
   在 System.Data.SqlClient.SqlDataReader.get_MetaData()
   在 System.Data.SqlClient.SqlCommand.FinishExecuteReader(SqlDataReader ds, RunBehavior runBehavior, String resetOptionsString)
   在 System.Data.SqlClient.SqlCommand.RunExecuteReaderTds(CommandBehavior cmdBehavior, RunBehavior runBehavior, Boolean returnStream, Boolean async, Int32 timeout, Task& task, Boolean asyncWrite)
   在 System.Data.SqlClient.SqlCommand.RunExecuteReader(CommandBehavior cmdBehavior, RunBehavior runBehavior, Boolean returnStream, String method, TaskCompletionSource`1 completion, Int32 timeout, Task& task, Boolean asyncWrite)
   在 System.Data.SqlClient.SqlCommand.RunExecuteReader(CommandBehavior cmdBehavior, RunBehavior runBehavior, Boolean returnStream, String method)
   在 System.Data.SqlClient.SqlCommand.ExecuteReader(CommandBehavior behavior, String method)
   在 System.Data.SqlClient.SqlCommand.ExecuteDbDataReader(CommandBehavior behavior)
   在 System.Data.Common.DbCommand.System.Data.IDbCommand.ExecuteReader(CommandBehavior behavior)
   在 System.Data.Common.DbDataAdapter.FillInternal(DataSet dataset, DataTable[] datatables, Int32 startRecord, Int32 maxRecords, String srcTable, IDbCommand command, CommandBehavior behavior)
   在 System.Data.Common.DbDataAdapter.Fill(DataSet dataSet, Int32 startRecord, Int32 maxRecords, String srcTable, IDbCommand command, CommandBehavior behavior)
   在 System.Data.Common.DbDataAdapter.Fill(DataSet dataSet)
   在 XXF.Db.DbConnSql.<>c__DisplayClassd.<SqlToDataSet>b__c() 位置 e:\working\BasicService\XXFramework\project\Xiaoxiao.Framework\Xiaoxiao.Framework\Db\DbConnSql.cs:行号 317
   在 XXF.Db.DbCatch.Catch[T](Boolean istimeWatch, String datasource, String sql, List`1 procedurePar, Func`1 action) 位置 e:\working\BasicService\XXFramework\project\Xiaoxiao.Framework\Xiaoxiao.Framework\Db\DbCatch.cs:行号 48
******************************************************************************************************************************************************
【时间】2015-04-27 11:33:49:653
【补充信息】后台任务-Dyd.BaseService.TaskManager.Web.BackgroundTask.NodeStateCheckTask:列名 'true' 无效。
【地址】192.168.17.201
【原始信息】列名 'true' 无效。
【参数】
【堆栈打印】   在 XXF.ProjectTool.SqlHelper.Visit[T](Func`2 action) 位置 e:\working\BasicService\XXFramework\project\Xiaoxiao.Framework\Xiaoxiao.Framework\ProjectTool\SqlHelper.cs:行号 233
   在 Dyd.BaseService.TaskManager.Domain.Dal.tb_node_dal.GetAllStopNodesWithNeedCheckState(DbConn PubConn) 位置 e:\working\BasicService\Dyd.BaseService.TaskManager\Dyd.BaseService.TaskManager.Domain\Dal\tb_node_dal.cs:行号 155
   在 Dyd.BaseService.TaskManager.Web.BackgroundTask.NodeStateCheckTask.<>c__DisplayClass2.<Run>b__1(DbConn c) 位置 e:\working\BasicService\Dyd.BaseService.TaskManager\Dyd.BaseService.TaskManager.Web\BackgroundTask\NodeStateCheckTask.cs:行号 21
   在 XXF.ProjectTool.SqlHelper.ExcuteSql(String connectstring, Action`1 action) 位置 e:\working\BasicService\XXFramework\project\Xiaoxiao.Framework\Xiaoxiao.Framework\ProjectTool\SqlHelper.cs:行号 258
   在 Dyd.BaseService.TaskManager.Web.BackgroundTask.NodeStateCheckTask.Run() 位置 e:\working\BasicService\Dyd.BaseService.TaskManager\Dyd.BaseService.TaskManager.Web\BackgroundTask\NodeStateCheckTask.cs:行号 19
   在 Dyd.BaseService.TaskManager.Web.BackgroundTask.BackgroundTasks.Run() 位置 e:\working\BasicService\Dyd.BaseService.TaskManager\Dyd.BaseService.TaskManager.Web\BackgroundTask\BackgroundTasks.cs:行号 56
******************************************************************************************************************************************************
