【时间】2016-05-25 09:50:07:604
【内容】节点windows服务停止
******************************************************************************************************************************************************
【时间】2016-05-25 09:51:17:938
【内容】节点windows服务启动成功
******************************************************************************************************************************************************
【时间】2016-05-25 09:51:19:090
【内容】恢复已经开启的任务完毕，共2条任务重启
******************************************************************************************************************************************************
【时间】2016-05-25 09:51:19:094
【内容】准备接受命令并运行消息循环...
******************************************************************************************************************************************************
【时间】2016-05-25 15:45:39:678
【内容】当前节点扫描到1条命令,并执行中....
******************************************************************************************************************************************************
【时间】2016-05-25 15:47:24:022
【内容】当前节点扫描到1条命令,并执行中....
******************************************************************************************************************************************************
【时间】2016-05-25 15:47:52:254
【内容】当前节点扫描到1条命令,并执行中....
******************************************************************************************************************************************************
【时间】2016-05-25 15:50:25:249
【内容】当前节点扫描到1条命令,并执行中....
******************************************************************************************************************************************************
【时间】2016-05-25 15:51:13:944
【内容】当前节点扫描到1条命令,并执行中....
******************************************************************************************************************************************************
【时间】2016-05-25 15:52:26:512
【内容】当前节点扫描到1条命令,并执行中....
******************************************************************************************************************************************************
【时间】2016-05-25 15:53:09:040
【内容】节点windows服务停止
******************************************************************************************************************************************************
【时间】2016-05-25 15:54:27:042
【内容】当前节点启动成功,准备恢复已经开启的任务...
******************************************************************************************************************************************************
【时间】2016-05-25 15:54:28:270
【内容】恢复已经开启的任务完毕，共2条任务重启
******************************************************************************************************************************************************
【时间】2016-05-25 15:54:28:274
【内容】准备接受命令并运行消息循环...
******************************************************************************************************************************************************
【时间】2016-05-25 15:55:17:317
【内容】当前节点扫描到1条命令,并执行中....
******************************************************************************************************************************************************
【时间】2016-05-25 15:55:33:623
【内容】当前节点扫描到1条命令,并执行中....
******************************************************************************************************************************************************
【时间】2016-05-25 15:56:18:204
【内容】当前节点扫描到1条命令,并执行中....
******************************************************************************************************************************************************
【时间】2016-05-25 15:56:50:880
【内容】当前节点扫描到1条命令,并执行中....
******************************************************************************************************************************************************
【时间】2016-05-25 15:57:35:465
【内容】当前节点扫描到1条命令,并执行中....
******************************************************************************************************************************************************
【时间】2016-05-25 16:00:47:781
【内容】当前节点扫描到1条命令,并执行中....
******************************************************************************************************************************************************
【时间】2016-05-25 16:00:48:708
【内容】当前节点执行命令成功! id:29,命令名:StartTask,命令内容:
******************************************************************************************************************************************************
【时间】2016-05-25 16:08:20:930
【内容】当前节点扫描到1条命令,并执行中....
******************************************************************************************************************************************************
【时间】2016-05-25 16:08:21:016
【内容】当前节点执行命令成功! id:30,命令名:StopTask,命令内容:
******************************************************************************************************************************************************
【时间】2016-05-25 16:10:37:080
【内容】当前节点扫描到1条命令,并执行中....
******************************************************************************************************************************************************
【时间】2016-05-25 16:12:14:284
【内容】节点windows服务停止
******************************************************************************************************************************************************
【时间】2016-05-25 16:12:50:763
【内容】当前节点启动成功,准备恢复已经开启的任务...
******************************************************************************************************************************************************
【时间】2016-05-25 16:12:52:896
【内容】恢复已经开启的任务完毕，共2条任务重启
******************************************************************************************************************************************************
【时间】2016-05-25 16:12:52:902
【内容】准备接受命令并运行消息循环...
******************************************************************************************************************************************************
【时间】2016-05-25 16:13:01:932
【内容】当前节点扫描到1条命令,并执行中....
******************************************************************************************************************************************************
【时间】2016-05-25 16:22:26:475
【内容】当前节点扫描到1条命令,并执行中....
******************************************************************************************************************************************************
【时间】2016-05-25 16:27:58:966
【内容】当前节点扫描到1条命令,并执行中....
******************************************************************************************************************************************************
【时间】2016-05-25 16:27:59:765
【内容】当前节点执行命令成功! id:34,命令名:StartTask,命令内容:
******************************************************************************************************************************************************
【时间】2016-05-25 16:28:39:806
【内容】当前节点扫描到1条命令,并执行中....
******************************************************************************************************************************************************
【时间】2016-05-25 16:28:39:872
【内容】当前节点执行命令成功! id:35,命令名:StopTask,命令内容:
******************************************************************************************************************************************************
【时间】2016-05-25 16:29:43:920
【内容】当前节点扫描到1条命令,并执行中....
******************************************************************************************************************************************************
【时间】2016-05-25 16:29:44:168
【内容】当前节点执行命令成功! id:36,命令名:StartTask,命令内容:
******************************************************************************************************************************************************
【时间】2016-05-25 16:36:36:554
【内容】当前节点扫描到1条命令,并执行中....
******************************************************************************************************************************************************
【时间】2016-05-25 16:36:36:594
【内容】当前节点执行命令成功! id:37,命令名:StopTask,命令内容:
******************************************************************************************************************************************************
【时间】2016-05-25 16:36:48:611
【内容】当前节点扫描到1条命令,并执行中....
******************************************************************************************************************************************************
【时间】2016-05-25 16:36:49:884
【内容】当前节点执行命令成功! id:38,命令名:StartTask,命令内容:
******************************************************************************************************************************************************
