【时间】2016-05-23 11:35:35:957
【内容】当前节点扫描到1条命令,并执行中....
******************************************************************************************************************************************************
【时间】2016-05-23 11:37:08:428
【内容】当前节点扫描到1条命令,并执行中....
******************************************************************************************************************************************************
【时间】2016-05-23 11:39:45:055
【内容】当前节点扫描到1条命令,并执行中....
******************************************************************************************************************************************************
【时间】2016-05-23 11:40:10:790
【内容】当前节点扫描到1条命令,并执行中....
******************************************************************************************************************************************************
【时间】2016-05-23 11:41:32:525
【内容】当前节点扫描到1条命令,并执行中....
******************************************************************************************************************************************************
【时间】2016-05-23 11:42:28:060
【内容】当前节点扫描到1条命令,并执行中....
******************************************************************************************************************************************************
【时间】2016-05-23 11:43:00:354
【内容】当前节点扫描到1条命令,并执行中....
******************************************************************************************************************************************************
【时间】2016-05-23 11:44:17:738
【内容】当前节点扫描到1条命令,并执行中....
******************************************************************************************************************************************************
【时间】2016-05-23 11:44:20:783
【内容】当前节点执行命令成功! id:8,命令名:StartTask,命令内容:
******************************************************************************************************************************************************
【时间】2016-05-23 11:51:48:988
【内容】当前节点扫描到1条命令,并执行中....
******************************************************************************************************************************************************
【时间】2016-05-23 11:51:49:056
【内容】当前节点执行命令成功! id:9,命令名:StopTask,命令内容:
******************************************************************************************************************************************************
【时间】2016-05-23 11:52:05:066
【内容】当前节点扫描到1条命令,并执行中....
******************************************************************************************************************************************************
【时间】2016-05-23 11:52:05:361
【内容】当前节点执行命令成功! id:10,命令名:StartTask,命令内容:
******************************************************************************************************************************************************
