【时间】2016-05-24 17:11:45:388
【内容】当前节点扫描到1条命令,并执行中....
******************************************************************************************************************************************************
【时间】2016-05-24 17:14:13:810
【内容】当前节点扫描到1条命令,并执行中....
******************************************************************************************************************************************************
【时间】2016-05-24 17:16:58:155
【内容】当前节点扫描到1条命令,并执行中....
******************************************************************************************************************************************************
【时间】2016-05-24 17:16:58:821
【内容】当前节点执行命令成功! id:13,命令名:StartTask,命令内容:
******************************************************************************************************************************************************
【时间】2016-05-24 17:19:50:952
【内容】当前节点扫描到1条命令,并执行中....
******************************************************************************************************************************************************
【时间】2016-05-24 17:19:50:983
【内容】当前节点执行命令成功! id:14,命令名:StopTask,命令内容:
******************************************************************************************************************************************************
【时间】2016-05-24 17:21:03:049
【内容】当前节点扫描到1条命令,并执行中....
******************************************************************************************************************************************************
【时间】2016-05-24 17:21:03:495
【内容】当前节点执行命令成功! id:15,命令名:StartTask,命令内容:
******************************************************************************************************************************************************
【时间】2016-05-24 17:28:11:840
【内容】当前节点扫描到1条命令,并执行中....
******************************************************************************************************************************************************
【时间】2016-05-24 17:28:11:907
【内容】当前节点执行命令成功! id:16,命令名:StopTask,命令内容:
******************************************************************************************************************************************************
【时间】2016-05-24 17:28:35:918
【内容】当前节点扫描到1条命令,并执行中....
******************************************************************************************************************************************************
【时间】2016-05-24 17:28:36:219
【内容】当前节点执行命令成功! id:17,命令名:StartTask,命令内容:
******************************************************************************************************************************************************
