【时间】2015-06-08 15:41:49:997
【服务器】192.168.17.180
【数据库】
【补充信息】节点windows服务启动失败
【原始信息】请求http://localhost:48647/OpenApi/GetNodeConfigInfo/失败,请检查配置中“任务调度平台站点url”配置项
【参数】
【堆栈打印】   在 Dyd.BaseService.TaskManager.WinService.NodeService.OnStart(String[] args) 位置 e:\working\BasicService\Dyd.BaseService.TaskManager\Dyd.BaseService.TaskManager.WinService\NodeService.cs:行号 33
******************************************************************************************************************************************************
【时间】2015-06-08 15:41:55:820
【服务器】192.168.17.180
【数据库】
【补充信息】添加日志至数据库出错
【原始信息】ConnectionString 属性尚未初始化。
【参数】
【堆栈打印】   在 System.Data.SqlClient.SqlConnection.PermissionDemand()
   在 System.Data.SqlClient.SqlConnectionFactory.PermissionDemand(DbConnection outerConnection)
   在 System.Data.ProviderBase.DbConnectionClosed.TryOpenConnection(DbConnection outerConnection, DbConnectionFactory connectionFactory, TaskCompletionSource`1 retry, DbConnectionOptions userOptions)
   在 System.Data.SqlClient.SqlConnection.TryOpen(TaskCompletionSource`1 retry)
   在 System.Data.SqlClient.SqlConnection.Open()
   在 XXF.Db.DbConn.Open() 位置 e:\working\BasicService\XXFramework\project\Xiaoxiao.Framework\Xiaoxiao.Framework\Db\DbConn.cs:行号 188
   在 XXF.ProjectTool.SqlHelper.ExcuteSql(String connectstring, Action`1 action) 位置 e:\working\BasicService\XXFramework\project\Xiaoxiao.Framework\Xiaoxiao.Framework\ProjectTool\SqlHelper.cs:行号 257
   在 Dyd.BaseService.TaskManager.Node.Tools.LogHelper.AddLog(tb_log_model model) 位置 e:\working\BasicService\Dyd.BaseService.TaskManager\Dyd.BaseService.TaskManager.Node\Tools\LogHelper.cs:行号 28
******************************************************************************************************************************************************
【时间】2015-06-08 15:42:02:333
【服务器】192.168.17.180
【数据库】
【补充信息】添加错误日志至数据库出错
【原始信息】ConnectionString 属性尚未初始化。
【参数】
【堆栈打印】   在 System.Data.SqlClient.SqlConnection.PermissionDemand()
   在 System.Data.SqlClient.SqlConnectionFactory.PermissionDemand(DbConnection outerConnection)
   在 System.Data.ProviderBase.DbConnectionClosed.TryOpenConnection(DbConnection outerConnection, DbConnectionFactory connectionFactory, TaskCompletionSource`1 retry, DbConnectionOptions userOptions)
   在 System.Data.SqlClient.SqlConnection.TryOpen(TaskCompletionSource`1 retry)
   在 System.Data.SqlClient.SqlConnection.Open()
   在 XXF.Db.DbConn.Open() 位置 e:\working\BasicService\XXFramework\project\Xiaoxiao.Framework\Xiaoxiao.Framework\Db\DbConn.cs:行号 188
   在 XXF.ProjectTool.SqlHelper.ExcuteSql(String connectstring, Action`1 action) 位置 e:\working\BasicService\XXFramework\project\Xiaoxiao.Framework\Xiaoxiao.Framework\ProjectTool\SqlHelper.cs:行号 257
   在 Dyd.BaseService.TaskManager.Node.Tools.LogHelper.AddError(tb_error_model model) 位置 e:\working\BasicService\Dyd.BaseService.TaskManager\Dyd.BaseService.TaskManager.Node\Tools\LogHelper.cs:行号 49
******************************************************************************************************************************************************
