【时间】2016-05-24 17:11:45:724
【服务器】10.17.72.96
【数据库】
【补充信息】执行节点命令失败[taskid:7]
【原始信息】未能加载文件或程序集“file:///D:\svn-working\RT_Cloud\trunk\源代码\BaseService\TaskManager\TaskManager.WinService\bin\Debug\任务dll根目录\7\Monitor.Tasks.dll”或它的某一个依赖项。系统找不到指定的文件。
【request参数】
【堆栈打印】   在 System.Reflection.RuntimeAssembly._nLoad(AssemblyName fileName, String codeBase, Evidence assemblySecurity, RuntimeAssembly locationHint, StackCrawlMark& stackMark, IntPtr pPrivHostBinder, Boolean throwOnFileNotFound, Boolean forIntrospection, Boolean suppressSecurityChecks)
   在 System.Reflection.RuntimeAssembly.InternalLoadAssemblyName(AssemblyName assemblyRef, Evidence assemblySecurity, RuntimeAssembly reqAssembly, StackCrawlMark& stackMark, IntPtr pPrivHostBinder, Boolean throwOnFileNotFound, Boolean forIntrospection, Boolean suppressSecurityChecks)
   在 System.Reflection.RuntimeAssembly.InternalLoadAssemblyName(AssemblyName assemblyRef, Evidence assemblySecurity, RuntimeAssembly reqAssembly, StackCrawlMark& stackMark, Boolean throwOnFileNotFound, Boolean forIntrospection, Boolean suppressSecurityChecks)
   在 System.Reflection.RuntimeAssembly.InternalLoadFrom(String assemblyFile, Evidence securityEvidence, Byte[] hashValue, AssemblyHashAlgorithm hashAlgorithm, Boolean forIntrospection, Boolean suppressSecurityChecks, StackCrawlMark& stackMark)
   在 System.Reflection.Assembly.LoadFrom(String assemblyFile, Evidence securityEvidence)
   在 System.Activator.CreateInstanceFromInternal(String assemblyFile, String typeName, Boolean ignoreCase, BindingFlags bindingAttr, Binder binder, Object[] args, CultureInfo culture, Object[] activationAttributes, Evidence securityInfo)
   在 System.AppDomain.CreateInstanceFrom(String assemblyFile, String typeName)
   在 System.AppDomain.CreateInstanceFromAndUnwrap(String assemblyName, String typeName)
   在 TaskManager.Node.SystemRuntime.TaskProvider.Start(Int32 taskid) 位置 d:\svn-working\RT_Cloud\trunk\源代码\BaseService\TaskManager\TaskManager.Node\SystemRuntime\TaskProvider.cs:行号 91
   在 TaskManager.Node.Commands.StartTaskCommand.Execute() 位置 d:\svn-working\RT_Cloud\trunk\源代码\BaseService\TaskManager\TaskManager.Node\Commands\StartTaskCommand.cs:行号 18
   在 TaskManager.Node.Commands.CommandFactory.Execute(tb_command_model commandInfo) 位置 d:\svn-working\RT_Cloud\trunk\源代码\BaseService\TaskManager\TaskManager.Node\Commands\CommandFactory.cs:行号 28
   在 TaskManager.Node.CommandQueueProcessor.RuningCommandLoop() 位置 d:\svn-working\RT_Cloud\trunk\源代码\BaseService\TaskManager\TaskManager.Node\CommandQueueProcessor.cs:行号 120
******************************************************************************************************************************************************
【时间】2016-05-24 17:14:14:085
【服务器】10.17.72.96
【数据库】
【补充信息】执行节点命令失败[taskid:7]
【原始信息】未能加载文件或程序集“file:///D:\svn-working\RT_Cloud\trunk\源代码\BaseService\TaskManager\TaskManager.WinService\bin\Debug\任务dll根目录\7\Monitor.Tasks.dll”或它的某一个依赖项。系统找不到指定的文件。
【request参数】
【堆栈打印】   在 System.Reflection.RuntimeAssembly._nLoad(AssemblyName fileName, String codeBase, Evidence assemblySecurity, RuntimeAssembly locationHint, StackCrawlMark& stackMark, IntPtr pPrivHostBinder, Boolean throwOnFileNotFound, Boolean forIntrospection, Boolean suppressSecurityChecks)
   在 System.Reflection.RuntimeAssembly.InternalLoadAssemblyName(AssemblyName assemblyRef, Evidence assemblySecurity, RuntimeAssembly reqAssembly, StackCrawlMark& stackMark, IntPtr pPrivHostBinder, Boolean throwOnFileNotFound, Boolean forIntrospection, Boolean suppressSecurityChecks)
   在 System.Reflection.RuntimeAssembly.InternalLoadAssemblyName(AssemblyName assemblyRef, Evidence assemblySecurity, RuntimeAssembly reqAssembly, StackCrawlMark& stackMark, Boolean throwOnFileNotFound, Boolean forIntrospection, Boolean suppressSecurityChecks)
   在 System.Reflection.RuntimeAssembly.InternalLoadFrom(String assemblyFile, Evidence securityEvidence, Byte[] hashValue, AssemblyHashAlgorithm hashAlgorithm, Boolean forIntrospection, Boolean suppressSecurityChecks, StackCrawlMark& stackMark)
   在 System.Reflection.Assembly.LoadFrom(String assemblyFile, Evidence securityEvidence)
   在 System.Activator.CreateInstanceFromInternal(String assemblyFile, String typeName, Boolean ignoreCase, BindingFlags bindingAttr, Binder binder, Object[] args, CultureInfo culture, Object[] activationAttributes, Evidence securityInfo)
   在 System.AppDomain.CreateInstanceFrom(String assemblyFile, String typeName)
   在 System.AppDomain.CreateInstanceFromAndUnwrap(String assemblyName, String typeName)
   在 TaskManager.Node.SystemRuntime.TaskProvider.Start(Int32 taskid) 位置 d:\svn-working\RT_Cloud\trunk\源代码\BaseService\TaskManager\TaskManager.Node\SystemRuntime\TaskProvider.cs:行号 91
   在 TaskManager.Node.Commands.StartTaskCommand.Execute() 位置 d:\svn-working\RT_Cloud\trunk\源代码\BaseService\TaskManager\TaskManager.Node\Commands\StartTaskCommand.cs:行号 18
   在 TaskManager.Node.Commands.CommandFactory.Execute(tb_command_model commandInfo) 位置 d:\svn-working\RT_Cloud\trunk\源代码\BaseService\TaskManager\TaskManager.Node\Commands\CommandFactory.cs:行号 28
   在 TaskManager.Node.CommandQueueProcessor.RuningCommandLoop() 位置 d:\svn-working\RT_Cloud\trunk\源代码\BaseService\TaskManager\TaskManager.Node\CommandQueueProcessor.cs:行号 120
******************************************************************************************************************************************************
