【时间】2016-05-27 09:24:10:689
【服务器】192.168.2.223
【数据库】
【补充信息】节点windows服务启动失败
【原始信息】api调用出错:发生一个或多个错误。
【request参数】
【堆栈打印】   在 BSF.Api.ApiHelper.HttpPost[T](String url, Dictionary`2 dataDic)
   在 BSF.Api.ApiHelper.Post[T](String url, Object param)
   在 TaskManager.WinService.NodeService.OnStart(String[] args) 位置 d:\svn-working\RT_Cloud\trunk\源代码\BaseService\TaskManager\TaskManager.WinService\NodeService.cs:行号 31
******************************************************************************************************************************************************
【时间】2016-05-27 09:24:10:736
【服务器】192.168.2.223
【数据库】
【补充信息】添加日志至数据库出错
【原始信息】未将对象引用设置到对象的实例。
【request参数】
【堆栈打印】   在 BSF.Db.DbConn.CreateConn(String connectionString)
   在 BSF.Db.SqlHelper.ExcuteSql(String connectstring, Boolean iswatchtimelog, Action`1 action)
   在 BSF.Db.SqlHelper.ExcuteSql(String connectstring, Action`1 action)
   在 TaskManager.Node.Tools.LogHelper.AddLog(tb_log_model model) 位置 d:\svn-working\RT_Cloud\trunk\源代码\BaseService\TaskManager\TaskManager.Node\Tools\LogHelper.cs:行号 29
******************************************************************************************************************************************************
【时间】2016-05-27 09:24:10:736
【服务器】192.168.2.223
【数据库】
【补充信息】添加错误日志至数据库出错
【原始信息】未将对象引用设置到对象的实例。
【request参数】
【堆栈打印】   在 BSF.Db.DbConn.CreateConn(String connectionString)
   在 BSF.Db.SqlHelper.ExcuteSql(String connectstring, Boolean iswatchtimelog, Action`1 action)
   在 BSF.Db.SqlHelper.ExcuteSql(String connectstring, Action`1 action)
   在 TaskManager.Node.Tools.LogHelper.AddError(tb_error_model model) 位置 d:\svn-working\RT_Cloud\trunk\源代码\BaseService\TaskManager\TaskManager.Node\Tools\LogHelper.cs:行号 50
******************************************************************************************************************************************************
