【时间】2015-04-23 18:29:24:427
【内容】当前节点启动成功,准备接受命令并处理...
******************************************************************************************************************************************************
【时间】2015-04-23 19:08:14:712
【内容】当前节点启动成功,准备接受命令并处理...
******************************************************************************************************************************************************
【时间】2015-04-23 20:17:58:360
【内容】当前节点启动成功,准备接受命令并处理...
******************************************************************************************************************************************************
【时间】2015-04-23 20:32:07:528
【内容】当前节点启动成功,准备接受命令并处理...
******************************************************************************************************************************************************
【时间】2015-04-23 20:36:18:721
【内容】当前节点启动成功,准备接受命令并处理...
******************************************************************************************************************************************************
【时间】2015-04-23 20:46:29:745
【内容】当前节点启动成功,准备接受命令并处理...
******************************************************************************************************************************************************
【时间】2015-04-23 20:47:37:875
【内容】当前节点启动成功,准备接受命令并处理...
******************************************************************************************************************************************************
【时间】2015-04-23 20:48:13:357
【内容】当前节点扫描到1条命令,并执行中....
******************************************************************************************************************************************************
【时间】2015-04-23 20:48:17:771
【内容】当前节点执行命令成功! id:51,命令名:StartTask,命令内容:
******************************************************************************************************************************************************
【时间】2015-04-23 20:52:04:968
【内容】当前节点启动成功,准备接受命令并处理...
******************************************************************************************************************************************************
