【时间】2015-04-24 10:33:23:410
【内容】当前节点启动成功,准备恢复已经开启的任务...
******************************************************************************************************************************************************
【时间】2015-04-24 10:33:24:868
【内容】恢复已经开启的任务完毕，共1条任务重启
******************************************************************************************************************************************************
【时间】2015-04-24 10:33:24:880
【内容】准备接受命令并运行消息循环...
******************************************************************************************************************************************************
【时间】2015-04-24 10:33:50:416
【内容】当前节点启动成功,准备恢复已经开启的任务...
******************************************************************************************************************************************************
【时间】2015-04-24 10:34:04:532
【内容】恢复已经开启的任务完毕，共1条任务重启
******************************************************************************************************************************************************
【时间】2015-04-24 10:34:08:154
【内容】准备接受命令并运行消息循环...
******************************************************************************************************************************************************
【时间】2015-04-24 11:03:24:005
【内容】当前节点扫描到1条命令,并执行中....
******************************************************************************************************************************************************
【时间】2015-04-24 11:03:24:205
【内容】当前节点执行命令成功! id:52,命令名:StopTask,命令内容:
******************************************************************************************************************************************************
【时间】2015-04-24 11:04:32:421
【内容】当前节点扫描到1条命令,并执行中....
******************************************************************************************************************************************************
【时间】2015-04-24 11:04:32:860
【内容】当前节点执行命令成功! id:53,命令名:StartTask,命令内容:
******************************************************************************************************************************************************
【时间】2015-04-24 11:11:00:789
【内容】当前节点启动成功,准备恢复已经开启的任务...
******************************************************************************************************************************************************
【时间】2015-04-24 11:11:02:269
【内容】恢复已经开启的任务完毕，共1条任务重启
******************************************************************************************************************************************************
【时间】2015-04-24 11:11:02:279
【内容】准备接受命令并运行消息循环...
******************************************************************************************************************************************************
【时间】2015-04-24 11:11:51:471
【内容】当前节点扫描到1条命令,并执行中....
******************************************************************************************************************************************************
【时间】2015-04-24 11:11:51:596
【内容】当前节点执行命令成功! id:55,命令名:UninstallTask,命令内容:
******************************************************************************************************************************************************
【时间】2015-04-24 11:24:06:084
【内容】当前节点扫描到1条命令,并执行中....
******************************************************************************************************************************************************
【时间】2015-04-24 11:24:06:519
【内容】当前节点执行命令成功! id:56,命令名:StartTask,命令内容:
******************************************************************************************************************************************************
【时间】2015-04-24 13:11:55:961
【内容】当前节点扫描到1条命令,并执行中....
******************************************************************************************************************************************************
【时间】2015-04-24 13:11:56:126
【内容】当前节点执行命令成功! id:57,命令名:StopTask,命令内容:
******************************************************************************************************************************************************
【时间】2015-04-24 13:12:00:201
【内容】当前节点扫描到1条命令,并执行中....
******************************************************************************************************************************************************
【时间】2015-04-24 13:13:31:718
【内容】当前节点执行命令成功! id:58,命令名:StartTask,命令内容:
******************************************************************************************************************************************************
【时间】2015-04-24 13:16:24:416
【内容】当前节点扫描到1条命令,并执行中....
******************************************************************************************************************************************************
【时间】2015-04-24 13:16:24:504
【内容】当前节点执行命令成功! id:59,命令名:StopTask,命令内容:
******************************************************************************************************************************************************
【时间】2015-04-24 13:16:28:526
【内容】当前节点扫描到1条命令,并执行中....
******************************************************************************************************************************************************
【时间】2015-04-24 13:17:37:823
【内容】当前节点启动成功,准备恢复已经开启的任务...
******************************************************************************************************************************************************
【时间】2015-04-24 13:17:38:192
【内容】恢复已经开启的任务完毕，共0条任务重启
******************************************************************************************************************************************************
【时间】2015-04-24 13:17:38:203
【内容】准备接受命令并运行消息循环...
******************************************************************************************************************************************************
【时间】2015-04-24 13:17:47:285
【内容】当前节点扫描到1条命令,并执行中....
******************************************************************************************************************************************************
【时间】2015-04-24 13:17:48:301
【内容】当前节点执行命令成功! id:61,命令名:StartTask,命令内容:
******************************************************************************************************************************************************
