【时间】2015-04-27 11:52:10:213
【内容】当前节点启动成功,准备恢复已经开启的任务...
******************************************************************************************************************************************************
【时间】2015-04-27 11:52:16:004
【内容】恢复已经开启的任务完毕，共1条任务重启
******************************************************************************************************************************************************
【时间】2015-04-27 11:52:16:017
【内容】准备接受命令并运行消息循环...
******************************************************************************************************************************************************
【时间】2015-04-27 11:54:24:606
【内容】当前节点启动成功,准备恢复已经开启的任务...
******************************************************************************************************************************************************
【时间】2015-04-27 11:54:26:086
【内容】恢复已经开启的任务完毕，共1条任务重启
******************************************************************************************************************************************************
【时间】2015-04-27 11:54:26:096
【内容】准备接受命令并运行消息循环...
******************************************************************************************************************************************************
【时间】2015-04-27 11:58:03:877
【内容】当前节点扫描到1条命令,并执行中....
******************************************************************************************************************************************************
【时间】2015-04-27 11:58:03:989
【内容】当前节点执行命令成功! id:100,命令名:StopTask,命令内容:
******************************************************************************************************************************************************
【时间】2015-04-27 11:58:24:065
【内容】当前节点扫描到1条命令,并执行中....
******************************************************************************************************************************************************
【时间】2015-04-27 11:58:24:473
【内容】当前节点执行命令成功! id:101,命令名:StartTask,命令内容:
******************************************************************************************************************************************************
