【时间】2015-04-22 18:45:27:063
【内容】当前节点扫描到1条命令,并执行中....
******************************************************************************************************************************************************
【时间】2015-04-22 18:45:27:705
【内容】当前节点执行命令成功! id:18,命令名:StartTask,命令内容:2
******************************************************************************************************************************************************
【时间】2015-04-22 19:10:56:255
【内容】当前节点扫描到1条命令,并执行中....
******************************************************************************************************************************************************
【时间】2015-04-22 19:10:56:290
【内容】当前节点执行命令成功! id:19,命令名:StopTask,命令内容:
******************************************************************************************************************************************************
【时间】2015-04-22 19:12:28:327
【内容】当前节点扫描到1条命令,并执行中....
******************************************************************************************************************************************************
【时间】2015-04-22 19:12:28:546
【内容】当前节点执行命令成功! id:22,命令名:StartTask,命令内容:
******************************************************************************************************************************************************
【时间】2015-04-22 19:13:52:573
【内容】当前节点扫描到1条命令,并执行中....
******************************************************************************************************************************************************
【时间】2015-04-22 19:13:52:596
【内容】当前节点执行命令成功! id:25,命令名:StopTask,命令内容:
******************************************************************************************************************************************************
【时间】2015-04-22 19:14:36:610
【内容】当前节点扫描到1条命令,并执行中....
******************************************************************************************************************************************************
【时间】2015-04-22 19:14:36:812
【内容】当前节点执行命令成功! id:28,命令名:StartTask,命令内容:
******************************************************************************************************************************************************
【时间】2015-04-22 19:15:24:828
【内容】当前节点扫描到1条命令,并执行中....
******************************************************************************************************************************************************
【时间】2015-04-22 19:15:24:843
【内容】当前节点执行命令成功! id:31,命令名:StopTask,命令内容:
******************************************************************************************************************************************************
【时间】2015-04-22 19:16:12:861
【内容】当前节点扫描到1条命令,并执行中....
******************************************************************************************************************************************************
【时间】2015-04-22 19:16:13:367
【内容】当前节点执行命令成功! id:34,命令名:StartTask,命令内容:
******************************************************************************************************************************************************
【时间】2015-04-22 19:24:53:578
【内容】当前节点扫描到1条命令,并执行中....
******************************************************************************************************************************************************
【时间】2015-04-22 19:24:53:603
【内容】当前节点执行命令成功! id:37,命令名:StopTask,命令内容:
******************************************************************************************************************************************************
【时间】2015-04-22 19:25:41:624
【内容】当前节点扫描到1条命令,并执行中....
******************************************************************************************************************************************************
【时间】2015-04-22 19:25:41:873
【内容】当前节点执行命令成功! id:40,命令名:StartTask,命令内容:
******************************************************************************************************************************************************
