【时间】2015-06-02 14:42:16:428
【内容】当前节点启动成功,准备恢复已经开启的任务...
******************************************************************************************************************************************************
【时间】2015-06-02 14:42:17:160
【内容】恢复已经开启的任务完毕，共0条任务重启
******************************************************************************************************************************************************
【时间】2015-06-02 14:42:17:174
【内容】准备接受命令并运行消息循环...
******************************************************************************************************************************************************
【时间】2015-06-02 14:43:22:597
【内容】当前节点扫描到1条命令,并执行中....
******************************************************************************************************************************************************
【时间】2015-06-02 14:44:57:475
【内容】当前节点扫描到1条命令,并执行中....
******************************************************************************************************************************************************
【时间】2015-06-02 14:45:22:065
【内容】当前节点扫描到1条命令,并执行中....
******************************************************************************************************************************************************
【时间】2015-06-02 14:49:31:944
【内容】当前节点启动成功,准备恢复已经开启的任务...
******************************************************************************************************************************************************
【时间】2015-06-02 14:49:32:062
【内容】恢复已经开启的任务完毕，共0条任务重启
******************************************************************************************************************************************************
【时间】2015-06-02 14:49:32:080
【内容】准备接受命令并运行消息循环...
******************************************************************************************************************************************************
【时间】2015-06-02 14:49:33:143
【内容】当前节点扫描到3条命令,并执行中....
******************************************************************************************************************************************************
【时间】2015-06-02 14:51:35:848
【内容】当前节点启动成功,准备恢复已经开启的任务...
******************************************************************************************************************************************************
【时间】2015-06-02 14:51:35:925
【内容】恢复已经开启的任务完毕，共0条任务重启
******************************************************************************************************************************************************
【时间】2015-06-02 14:51:35:937
【内容】准备接受命令并运行消息循环...
******************************************************************************************************************************************************
【时间】2015-06-02 14:51:36:985
【内容】当前节点扫描到6条命令,并执行中....
******************************************************************************************************************************************************
【时间】2015-06-02 14:54:41:443
【内容】当前节点启动成功,准备恢复已经开启的任务...
******************************************************************************************************************************************************
【时间】2015-06-02 14:54:41:574
【内容】恢复已经开启的任务完毕，共0条任务重启
******************************************************************************************************************************************************
【时间】2015-06-02 14:54:41:584
【内容】准备接受命令并运行消息循环...
******************************************************************************************************************************************************
【时间】2015-06-02 14:54:42:624
【内容】当前节点扫描到8条命令,并执行中....
******************************************************************************************************************************************************
【时间】2015-06-02 15:10:44:447
【内容】当前节点启动成功,准备恢复已经开启的任务...
******************************************************************************************************************************************************
【时间】2015-06-02 15:10:44:526
【内容】恢复已经开启的任务完毕，共0条任务重启
******************************************************************************************************************************************************
【时间】2015-06-02 15:10:44:539
【内容】准备接受命令并运行消息循环...
******************************************************************************************************************************************************
【时间】2015-06-02 15:10:45:567
【内容】当前节点扫描到8条命令,并执行中....
******************************************************************************************************************************************************
【时间】2015-06-02 15:11:31:468
【内容】当前节点启动成功,准备恢复已经开启的任务...
******************************************************************************************************************************************************
【时间】2015-06-02 15:11:31:601
【内容】恢复已经开启的任务完毕，共0条任务重启
******************************************************************************************************************************************************
【时间】2015-06-02 15:11:31:632
【内容】准备接受命令并运行消息循环...
******************************************************************************************************************************************************
【时间】2015-06-02 15:11:32:687
【内容】当前节点扫描到8条命令,并执行中....
******************************************************************************************************************************************************
【时间】2015-06-02 15:15:53:928
【内容】当前节点启动成功,准备恢复已经开启的任务...
******************************************************************************************************************************************************
【时间】2015-06-02 15:15:54:186
【内容】恢复已经开启的任务完毕，共0条任务重启
******************************************************************************************************************************************************
【时间】2015-06-02 15:15:54:202
【内容】准备接受命令并运行消息循环...
******************************************************************************************************************************************************
【时间】2015-06-02 15:15:55:236
【内容】当前节点扫描到8条命令,并执行中....
******************************************************************************************************************************************************
【时间】2015-06-02 15:18:08:179
【内容】当前节点启动成功,准备恢复已经开启的任务...
******************************************************************************************************************************************************
【时间】2015-06-02 15:18:08:398
【内容】恢复已经开启的任务完毕，共0条任务重启
******************************************************************************************************************************************************
【时间】2015-06-02 15:18:08:409
【内容】准备接受命令并运行消息循环...
******************************************************************************************************************************************************
【时间】2015-06-02 15:18:09:448
【内容】当前节点扫描到8条命令,并执行中....
******************************************************************************************************************************************************
【时间】2015-06-02 15:20:18:818
【内容】当前节点启动成功,准备恢复已经开启的任务...
******************************************************************************************************************************************************
【时间】2015-06-02 15:20:19:010
【内容】恢复已经开启的任务完毕，共0条任务重启
******************************************************************************************************************************************************
【时间】2015-06-02 15:20:19:022
【内容】准备接受命令并运行消息循环...
******************************************************************************************************************************************************
【时间】2015-06-02 15:20:20:048
【内容】当前节点扫描到1条命令,并执行中....
******************************************************************************************************************************************************
【时间】2015-06-02 15:20:51:069
【内容】当前节点启动成功,准备恢复已经开启的任务...
******************************************************************************************************************************************************
【时间】2015-06-02 15:20:51:175
【内容】恢复已经开启的任务完毕，共0条任务重启
******************************************************************************************************************************************************
【时间】2015-06-02 15:20:51:187
【内容】准备接受命令并运行消息循环...
******************************************************************************************************************************************************
【时间】2015-06-02 15:20:52:212
【内容】当前节点扫描到1条命令,并执行中....
******************************************************************************************************************************************************
【时间】2015-06-02 15:22:03:499
【内容】当前节点启动成功,准备恢复已经开启的任务...
******************************************************************************************************************************************************
【时间】2015-06-02 15:22:03:844
【内容】恢复已经开启的任务完毕，共0条任务重启
******************************************************************************************************************************************************
【时间】2015-06-02 15:22:03:858
【内容】准备接受命令并运行消息循环...
******************************************************************************************************************************************************
【时间】2015-06-02 15:22:04:897
【内容】当前节点扫描到1条命令,并执行中....
******************************************************************************************************************************************************
【时间】2015-06-02 15:22:11:222
【内容】当前节点执行命令成功! id:183,命令名:StartTask,命令内容:
******************************************************************************************************************************************************
【时间】2015-06-02 15:24:19:724
【内容】当前节点扫描到1条命令,并执行中....
******************************************************************************************************************************************************
【时间】2015-06-02 15:24:19:903
【内容】当前节点执行命令成功! id:191,命令名:StopTask,命令内容:
******************************************************************************************************************************************************
【时间】2015-06-02 15:27:04:428
【内容】当前节点扫描到1条命令,并执行中....
******************************************************************************************************************************************************
【时间】2015-06-02 15:27:53:581
【内容】当前节点执行命令成功! id:192,命令名:StartTask,命令内容:
******************************************************************************************************************************************************
【时间】2015-06-02 15:28:09:643
【内容】当前节点扫描到1条命令,并执行中....
******************************************************************************************************************************************************
【时间】2015-06-02 15:28:09:698
【内容】当前节点执行命令成功! id:193,命令名:StopTask,命令内容:
******************************************************************************************************************************************************
【时间】2015-06-02 15:29:05:924
【内容】当前节点扫描到1条命令,并执行中....
******************************************************************************************************************************************************
【时间】2015-06-02 15:29:16:029
【内容】当前节点执行命令成功! id:194,命令名:StartTask,命令内容:
******************************************************************************************************************************************************
【时间】2015-06-02 15:31:04:446
【内容】当前节点扫描到1条命令,并执行中....
******************************************************************************************************************************************************
【时间】2015-06-02 15:31:04:523
【内容】当前节点执行命令成功! id:195,命令名:StopTask,命令内容:
******************************************************************************************************************************************************
【时间】2015-06-02 15:31:40:633
【内容】当前节点扫描到1条命令,并执行中....
******************************************************************************************************************************************************
【时间】2015-06-02 15:33:40:814
【内容】当前节点执行命令成功! id:196,命令名:StartTask,命令内容:
******************************************************************************************************************************************************
【时间】2015-06-02 15:34:08:929
【内容】当前节点扫描到1条命令,并执行中....
******************************************************************************************************************************************************
【时间】2015-06-02 15:34:09:019
【内容】当前节点执行命令成功! id:197,命令名:StopTask,命令内容:
******************************************************************************************************************************************************
【时间】2015-06-02 15:34:21:068
【内容】当前节点扫描到1条命令,并执行中....
******************************************************************************************************************************************************
【时间】2015-06-02 15:34:25:067
【内容】当前节点执行命令成功! id:198,命令名:StartTask,命令内容:
******************************************************************************************************************************************************
【时间】2015-06-02 15:36:05:523
【内容】当前节点扫描到1条命令,并执行中....
******************************************************************************************************************************************************
【时间】2015-06-02 15:36:05:621
【内容】当前节点执行命令成功! id:199,命令名:StopTask,命令内容:
******************************************************************************************************************************************************
【时间】2015-06-02 15:36:17:692
【内容】当前节点扫描到1条命令,并执行中....
******************************************************************************************************************************************************
【时间】2015-06-02 15:36:18:261
【内容】当前节点执行命令成功! id:200,命令名:StartTask,命令内容:
******************************************************************************************************************************************************
【时间】2015-06-02 15:36:54:391
【内容】当前节点扫描到1条命令,并执行中....
******************************************************************************************************************************************************
【时间】2015-06-02 15:36:54:482
【内容】当前节点执行命令成功! id:201,命令名:StopTask,命令内容:
******************************************************************************************************************************************************
【时间】2015-06-02 15:39:18:912
【内容】当前节点扫描到1条命令,并执行中....
******************************************************************************************************************************************************
【时间】2015-06-02 15:39:19:368
【内容】当前节点执行命令成功! id:202,命令名:StartTask,命令内容:
******************************************************************************************************************************************************
【时间】2015-06-02 15:39:47:466
【内容】当前节点扫描到1条命令,并执行中....
******************************************************************************************************************************************************
【时间】2015-06-02 15:39:47:675
【内容】当前节点执行命令成功! id:203,命令名:StopTask,命令内容:
******************************************************************************************************************************************************
【时间】2015-06-02 15:40:55:955
【内容】当前节点扫描到1条命令,并执行中....
******************************************************************************************************************************************************
【时间】2015-06-02 15:40:56:445
【内容】当前节点执行命令成功! id:204,命令名:StartTask,命令内容:
******************************************************************************************************************************************************
【时间】2015-06-02 15:41:24:522
【内容】当前节点扫描到1条命令,并执行中....
******************************************************************************************************************************************************
【时间】2015-06-02 15:41:24:605
【内容】当前节点执行命令成功! id:205,命令名:StopTask,命令内容:
******************************************************************************************************************************************************
【时间】2015-06-02 15:41:44:668
【内容】当前节点扫描到1条命令,并执行中....
******************************************************************************************************************************************************
【时间】2015-06-02 15:41:45:174
【内容】当前节点执行命令成功! id:206,命令名:StartTask,命令内容:
******************************************************************************************************************************************************
【时间】2015-06-02 15:42:49:472
【内容】当前节点扫描到1条命令,并执行中....
******************************************************************************************************************************************************
【时间】2015-06-02 15:42:49:574
【内容】当前节点执行命令成功! id:207,命令名:StopTask,命令内容:
******************************************************************************************************************************************************
【时间】2015-06-02 15:43:17:692
【内容】当前节点扫描到1条命令,并执行中....
******************************************************************************************************************************************************
【时间】2015-06-02 15:43:18:174
【内容】当前节点执行命令成功! id:208,命令名:StartTask,命令内容:
******************************************************************************************************************************************************
【时间】2015-06-02 15:43:54:322
【内容】当前节点扫描到1条命令,并执行中....
******************************************************************************************************************************************************
【时间】2015-06-02 15:43:54:422
【内容】当前节点执行命令成功! id:209,命令名:StopTask,命令内容:
******************************************************************************************************************************************************
【时间】2015-06-02 15:44:34:583
【内容】当前节点扫描到1条命令,并执行中....
******************************************************************************************************************************************************
【时间】2015-06-02 15:44:35:074
【内容】当前节点执行命令成功! id:210,命令名:StartTask,命令内容:
******************************************************************************************************************************************************
【时间】2015-06-02 15:44:55:137
【内容】当前节点扫描到1条命令,并执行中....
******************************************************************************************************************************************************
【时间】2015-06-02 15:44:55:231
【内容】当前节点执行命令成功! id:211,命令名:StopTask,命令内容:
******************************************************************************************************************************************************
【时间】2015-06-02 15:45:15:314
【内容】当前节点扫描到1条命令,并执行中....
******************************************************************************************************************************************************
【时间】2015-06-02 15:45:15:788
【内容】当前节点执行命令成功! id:212,命令名:StartTask,命令内容:
******************************************************************************************************************************************************
【时间】2015-06-02 15:46:03:991
【内容】当前节点扫描到1条命令,并执行中....
******************************************************************************************************************************************************
【时间】2015-06-02 15:46:04:074
【内容】当前节点执行命令成功! id:213,命令名:StopTask,命令内容:
******************************************************************************************************************************************************
【时间】2015-06-02 15:47:06:721
【内容】当前节点启动成功,准备恢复已经开启的任务...
******************************************************************************************************************************************************
【时间】2015-06-02 15:47:06:951
【内容】恢复已经开启的任务完毕，共0条任务重启
******************************************************************************************************************************************************
【时间】2015-06-02 15:47:06:962
【内容】准备接受命令并运行消息循环...
******************************************************************************************************************************************************
【时间】2015-06-02 15:47:32:072
【内容】当前节点扫描到1条命令,并执行中....
******************************************************************************************************************************************************
【时间】2015-06-02 15:47:33:175
【内容】当前节点执行命令成功! id:214,命令名:StartTask,命令内容:
******************************************************************************************************************************************************
【时间】2015-06-02 15:48:17:373
【内容】当前节点扫描到1条命令,并执行中....
******************************************************************************************************************************************************
【时间】2015-06-02 15:48:17:486
【内容】当前节点执行命令成功! id:215,命令名:StopTask,命令内容:
******************************************************************************************************************************************************
【时间】2015-06-02 15:49:07:424
【内容】当前节点启动成功,准备恢复已经开启的任务...
******************************************************************************************************************************************************
【时间】2015-06-02 15:49:07:693
【内容】恢复已经开启的任务完毕，共0条任务重启
******************************************************************************************************************************************************
【时间】2015-06-02 15:49:07:708
【内容】准备接受命令并运行消息循环...
******************************************************************************************************************************************************
【时间】2015-06-02 15:49:12:772
【内容】当前节点扫描到1条命令,并执行中....
******************************************************************************************************************************************************
【时间】2015-06-02 15:49:45:156
【内容】当前节点执行命令成功! id:216,命令名:StartTask,命令内容:
******************************************************************************************************************************************************
【时间】2015-06-02 15:50:09:270
【内容】当前节点扫描到1条命令,并执行中....
******************************************************************************************************************************************************
【时间】2015-06-02 15:50:09:380
【内容】当前节点执行命令成功! id:217,命令名:StopTask,命令内容:
******************************************************************************************************************************************************
【时间】2015-06-02 15:50:21:419
【内容】当前节点扫描到1条命令,并执行中....
******************************************************************************************************************************************************
【时间】2015-06-02 15:50:29:077
【内容】当前节点执行命令成功! id:218,命令名:StartTask,命令内容:
******************************************************************************************************************************************************
【时间】2015-06-02 15:50:49:150
【内容】当前节点扫描到1条命令,并执行中....
******************************************************************************************************************************************************
【时间】2015-06-02 15:50:49:197
【内容】当前节点执行命令成功! id:219,命令名:StopTask,命令内容:
******************************************************************************************************************************************************
【时间】2015-06-02 15:50:57:254
【内容】当前节点扫描到1条命令,并执行中....
******************************************************************************************************************************************************
【时间】2015-06-02 15:50:57:762
【内容】当前节点执行命令成功! id:220,命令名:StartTask,命令内容:
******************************************************************************************************************************************************
【时间】2015-06-02 15:51:21:905
【内容】当前节点扫描到1条命令,并执行中....
******************************************************************************************************************************************************
【时间】2015-06-02 15:51:22:054
【内容】当前节点执行命令成功! id:221,命令名:StopTask,命令内容:
******************************************************************************************************************************************************
【时间】2015-06-02 15:51:50:171
【内容】当前节点扫描到1条命令,并执行中....
******************************************************************************************************************************************************
【时间】2015-06-02 15:51:50:685
【内容】当前节点执行命令成功! id:222,命令名:StartTask,命令内容:
******************************************************************************************************************************************************
【时间】2015-06-02 15:52:02:756
【内容】当前节点扫描到1条命令,并执行中....
******************************************************************************************************************************************************
【时间】2015-06-02 15:52:02:837
【内容】当前节点执行命令成功! id:223,命令名:StopTask,命令内容:
******************************************************************************************************************************************************
【时间】2015-06-02 15:52:34:954
【内容】当前节点扫描到1条命令,并执行中....
******************************************************************************************************************************************************
【时间】2015-06-02 15:52:35:410
【内容】当前节点执行命令成功! id:224,命令名:StartTask,命令内容:
******************************************************************************************************************************************************
【时间】2015-06-02 15:53:19:598
【内容】当前节点扫描到1条命令,并执行中....
******************************************************************************************************************************************************
【时间】2015-06-02 15:53:19:694
【内容】当前节点执行命令成功! id:225,命令名:StopTask,命令内容:
******************************************************************************************************************************************************
【时间】2015-06-02 15:54:34:393
【内容】当前节点启动成功,准备恢复已经开启的任务...
******************************************************************************************************************************************************
【时间】2015-06-02 15:54:34:602
【内容】恢复已经开启的任务完毕，共0条任务重启
******************************************************************************************************************************************************
【时间】2015-06-02 15:54:34:612
【内容】准备接受命令并运行消息循环...
******************************************************************************************************************************************************
【时间】2015-06-02 15:55:19:826
【内容】当前节点扫描到1条命令,并执行中....
******************************************************************************************************************************************************
【时间】2015-06-02 15:55:20:846
【内容】当前节点执行命令成功! id:226,命令名:StartTask,命令内容:
******************************************************************************************************************************************************
【时间】2015-06-02 15:55:44:964
【内容】当前节点扫描到1条命令,并执行中....
******************************************************************************************************************************************************
【时间】2015-06-02 15:55:45:086
【内容】当前节点执行命令成功! id:227,命令名:StopTask,命令内容:
******************************************************************************************************************************************************
【时间】2015-06-02 15:56:01:155
【内容】当前节点扫描到1条命令,并执行中....
******************************************************************************************************************************************************
【时间】2015-06-02 15:56:01:694
【内容】当前节点执行命令成功! id:228,命令名:StartTask,命令内容:
******************************************************************************************************************************************************
【时间】2015-06-02 15:56:33:801
【内容】当前节点扫描到1条命令,并执行中....
******************************************************************************************************************************************************
【时间】2015-06-02 15:56:33:883
【内容】当前节点执行命令成功! id:229,命令名:StopTask,命令内容:
******************************************************************************************************************************************************
【时间】2015-06-02 15:56:41:961
【内容】当前节点扫描到1条命令,并执行中....
******************************************************************************************************************************************************
【时间】2015-06-02 15:56:42:435
【内容】当前节点执行命令成功! id:230,命令名:StartTask,命令内容:
******************************************************************************************************************************************************
【时间】2015-06-02 15:57:10:520
【内容】当前节点扫描到1条命令,并执行中....
******************************************************************************************************************************************************
【时间】2015-06-02 15:57:10:603
【内容】当前节点执行命令成功! id:231,命令名:StopTask,命令内容:
******************************************************************************************************************************************************
【时间】2015-06-02 15:57:38:698
【内容】当前节点扫描到1条命令,并执行中....
******************************************************************************************************************************************************
【时间】2015-06-02 15:57:39:160
【内容】当前节点执行命令成功! id:232,命令名:StartTask,命令内容:
******************************************************************************************************************************************************
【时间】2015-06-02 15:59:55:675
【内容】当前节点扫描到1条命令,并执行中....
******************************************************************************************************************************************************
【时间】2015-06-02 15:59:55:745
【内容】当前节点执行命令成功! id:233,命令名:StopTask,命令内容:
******************************************************************************************************************************************************
【时间】2015-06-02 16:00:19:820
【内容】当前节点扫描到1条命令,并执行中....
******************************************************************************************************************************************************
【时间】2015-06-02 16:00:20:463
【内容】当前节点执行命令成功! id:234,命令名:StartTask,命令内容:
******************************************************************************************************************************************************
【时间】2015-06-02 16:01:00:649
【内容】当前节点扫描到1条命令,并执行中....
******************************************************************************************************************************************************
【时间】2015-06-02 16:01:00:732
【内容】当前节点执行命令成功! id:235,命令名:StopTask,命令内容:
******************************************************************************************************************************************************
【时间】2015-06-02 16:01:12:776
【内容】当前节点扫描到1条命令,并执行中....
******************************************************************************************************************************************************
【时间】2015-06-02 16:01:13:287
【内容】当前节点执行命令成功! id:236,命令名:StartTask,命令内容:
******************************************************************************************************************************************************
【时间】2015-06-02 16:01:33:377
【内容】当前节点扫描到1条命令,并执行中....
******************************************************************************************************************************************************
【时间】2015-06-02 16:01:33:466
【内容】当前节点执行命令成功! id:237,命令名:StopTask,命令内容:
******************************************************************************************************************************************************
【时间】2015-06-02 16:01:49:563
【内容】当前节点扫描到1条命令,并执行中....
******************************************************************************************************************************************************
【时间】2015-06-02 16:01:50:070
【内容】当前节点执行命令成功! id:238,命令名:StartTask,命令内容:
******************************************************************************************************************************************************
【时间】2015-06-02 16:02:22:200
【内容】当前节点扫描到1条命令,并执行中....
******************************************************************************************************************************************************
【时间】2015-06-02 16:02:22:299
【内容】当前节点执行命令成功! id:239,命令名:StopTask,命令内容:
******************************************************************************************************************************************************
【时间】2015-06-02 16:03:20:793
【内容】当前节点启动成功,准备恢复已经开启的任务...
******************************************************************************************************************************************************
【时间】2015-06-02 16:03:21:015
【内容】恢复已经开启的任务完毕，共0条任务重启
******************************************************************************************************************************************************
【时间】2015-06-02 16:03:21:028
【内容】准备接受命令并运行消息循环...
******************************************************************************************************************************************************
【时间】2015-06-02 16:04:26:271
【内容】当前节点扫描到1条命令,并执行中....
******************************************************************************************************************************************************
【时间】2015-06-02 16:04:27:276
【内容】当前节点执行命令成功! id:240,命令名:StartTask,命令内容:
******************************************************************************************************************************************************
【时间】2015-06-02 16:06:43:716
【内容】当前节点扫描到1条命令,并执行中....
******************************************************************************************************************************************************
【时间】2015-06-02 16:06:43:815
【内容】当前节点执行命令成功! id:241,命令名:StopTask,命令内容:
******************************************************************************************************************************************************
【时间】2015-06-02 16:07:27:960
【内容】当前节点扫描到1条命令,并执行中....
******************************************************************************************************************************************************
【时间】2015-06-02 16:08:16:819
【内容】当前节点扫描到1条命令,并执行中....
******************************************************************************************************************************************************
【时间】2015-06-02 16:08:17:280
【内容】当前节点执行命令成功! id:243,命令名:StartTask,命令内容:
******************************************************************************************************************************************************
【时间】2015-06-02 16:10:01:671
【内容】当前节点扫描到1条命令,并执行中....
******************************************************************************************************************************************************
【时间】2015-06-02 16:10:01:765
【内容】当前节点执行命令成功! id:244,命令名:StopTask,命令内容:
******************************************************************************************************************************************************
【时间】2015-06-02 16:15:33:095
【内容】当前节点启动成功,准备恢复已经开启的任务...
******************************************************************************************************************************************************
【时间】2015-06-02 16:15:33:194
【内容】恢复已经开启的任务完毕，共0条任务重启
******************************************************************************************************************************************************
【时间】2015-06-02 16:15:33:206
【内容】准备接受命令并运行消息循环...
******************************************************************************************************************************************************
【时间】2015-06-02 16:16:34:440
【内容】当前节点扫描到1条命令,并执行中....
******************************************************************************************************************************************************
【时间】2015-06-02 16:16:40:860
【内容】当前节点执行命令成功! id:245,命令名:StartTask,命令内容:
******************************************************************************************************************************************************
【时间】2015-06-02 16:18:01:162
【内容】当前节点扫描到1条命令,并执行中....
******************************************************************************************************************************************************
【时间】2015-06-02 16:18:01:274
【内容】当前节点执行命令成功! id:246,命令名:StopTask,命令内容:
******************************************************************************************************************************************************
【时间】2015-06-02 16:22:15:141
【内容】当前节点启动成功,准备恢复已经开启的任务...
******************************************************************************************************************************************************
【时间】2015-06-02 16:22:15:224
【内容】恢复已经开启的任务完毕，共0条任务重启
******************************************************************************************************************************************************
【时间】2015-06-02 16:22:15:242
【内容】准备接受命令并运行消息循环...
******************************************************************************************************************************************************
【时间】2015-06-02 16:23:00:465
【内容】当前节点扫描到1条命令,并执行中....
******************************************************************************************************************************************************
【时间】2015-06-02 16:23:01:502
【内容】当前节点执行命令成功! id:247,命令名:StartTask,命令内容:
******************************************************************************************************************************************************
【时间】2015-06-02 16:25:38:124
【内容】当前节点扫描到1条命令,并执行中....
******************************************************************************************************************************************************
【时间】2015-06-02 16:25:38:302
【内容】当前节点执行命令成功! id:248,命令名:StopTask,命令内容:
******************************************************************************************************************************************************
【时间】2015-06-02 16:36:30:176
【内容】当前节点启动成功,准备恢复已经开启的任务...
******************************************************************************************************************************************************
【时间】2015-06-02 16:36:30:437
【内容】恢复已经开启的任务完毕，共0条任务重启
******************************************************************************************************************************************************
【时间】2015-06-02 16:36:30:450
【内容】准备接受命令并运行消息循环...
******************************************************************************************************************************************************
【时间】2015-06-02 16:36:35:506
【内容】当前节点扫描到1条命令,并执行中....
******************************************************************************************************************************************************
【时间】2015-06-02 16:36:36:557
【内容】当前节点执行命令成功! id:251,命令名:StartTask,命令内容:
******************************************************************************************************************************************************
【时间】2015-06-02 16:44:13:841
【内容】当前节点启动成功,准备恢复已经开启的任务...
******************************************************************************************************************************************************
【时间】2015-06-02 16:44:15:105
【内容】恢复已经开启的任务完毕，共1条任务重启
******************************************************************************************************************************************************
【时间】2015-06-02 16:44:15:118
【内容】准备接受命令并运行消息循环...
******************************************************************************************************************************************************
【时间】2015-06-02 16:44:36:222
【内容】当前节点扫描到1条命令,并执行中....
******************************************************************************************************************************************************
【时间】2015-06-02 16:44:36:339
【内容】当前节点执行命令成功! id:252,命令名:StopTask,命令内容:
******************************************************************************************************************************************************
【时间】2015-06-02 16:44:48:378
【内容】当前节点扫描到1条命令,并执行中....
******************************************************************************************************************************************************
【时间】2015-06-02 16:44:48:865
【内容】当前节点执行命令成功! id:253,命令名:StartTask,命令内容:
******************************************************************************************************************************************************
【时间】2015-06-02 16:49:38:761
【内容】当前节点启动成功,准备恢复已经开启的任务...
******************************************************************************************************************************************************
【时间】2015-06-02 16:49:40:011
【内容】恢复已经开启的任务完毕，共1条任务重启
******************************************************************************************************************************************************
【时间】2015-06-02 16:49:40:022
【内容】准备接受命令并运行消息循环...
******************************************************************************************************************************************************
【时间】2015-06-02 16:49:49:081
【内容】当前节点扫描到1条命令,并执行中....
******************************************************************************************************************************************************
【时间】2015-06-02 16:49:49:193
【内容】当前节点执行命令成功! id:254,命令名:StopTask,命令内容:
******************************************************************************************************************************************************
【时间】2015-06-02 16:49:57:217
【内容】当前节点扫描到1条命令,并执行中....
******************************************************************************************************************************************************
【时间】2015-06-02 16:49:57:679
【内容】当前节点执行命令成功! id:255,命令名:StartTask,命令内容:
******************************************************************************************************************************************************
【时间】2015-06-02 20:04:09:727
【内容】当前节点启动成功,准备恢复已经开启的任务...
******************************************************************************************************************************************************
【时间】2015-06-02 20:04:10:966
【内容】恢复已经开启的任务完毕，共1条任务重启
******************************************************************************************************************************************************
【时间】2015-06-02 20:04:10:985
【内容】准备接受命令并运行消息循环...
******************************************************************************************************************************************************
【时间】2015-06-02 20:04:36:104
【内容】当前节点扫描到1条命令,并执行中....
******************************************************************************************************************************************************
【时间】2015-06-02 20:05:23:083
【内容】当前节点启动成功,准备恢复已经开启的任务...
******************************************************************************************************************************************************
【时间】2015-06-02 20:05:24:432
【内容】恢复已经开启的任务完毕，共1条任务重启
******************************************************************************************************************************************************
【时间】2015-06-02 20:05:24:450
【内容】准备接受命令并运行消息循环...
******************************************************************************************************************************************************
【时间】2015-06-02 20:05:33:536
【内容】当前节点扫描到1条命令,并执行中....
******************************************************************************************************************************************************
【时间】2015-06-02 20:05:34:087
【内容】当前节点执行命令成功! id:257,命令名:StartTask,命令内容:
******************************************************************************************************************************************************
【时间】2015-06-02 20:05:46:143
【内容】当前节点扫描到1条命令,并执行中....
******************************************************************************************************************************************************
【时间】2015-06-02 20:05:47:244
【内容】当前节点执行命令成功! id:258,命令名:StopTask,命令内容:
******************************************************************************************************************************************************
【时间】2015-06-02 20:11:20:186
【内容】当前节点启动成功,准备恢复已经开启的任务...
******************************************************************************************************************************************************
【时间】2015-06-02 20:11:21:964
【内容】恢复已经开启的任务完毕，共1条任务重启
******************************************************************************************************************************************************
【时间】2015-06-02 20:11:21:975
【内容】准备接受命令并运行消息循环...
******************************************************************************************************************************************************
【时间】2015-06-02 20:11:47:102
【内容】当前节点扫描到1条命令,并执行中....
******************************************************************************************************************************************************
【时间】2015-06-02 20:11:48:028
【内容】当前节点执行命令成功! id:259,命令名:StartTask,命令内容:
******************************************************************************************************************************************************
【时间】2015-06-02 20:12:00:099
【内容】当前节点扫描到1条命令,并执行中....
******************************************************************************************************************************************************
【时间】2015-06-02 20:12:01:232
【内容】当前节点执行命令成功! id:260,命令名:StopTask,命令内容:
******************************************************************************************************************************************************
【时间】2015-06-02 20:13:17:505
【内容】当前节点扫描到1条命令,并执行中....
******************************************************************************************************************************************************
【时间】2015-06-02 20:13:18:049
【内容】当前节点执行命令成功! id:261,命令名:StartTask,命令内容:
******************************************************************************************************************************************************
【时间】2015-06-02 20:13:30:093
【内容】当前节点扫描到1条命令,并执行中....
******************************************************************************************************************************************************
【时间】2015-06-02 20:13:31:222
【内容】当前节点执行命令成功! id:262,命令名:UninstallTask,命令内容:
******************************************************************************************************************************************************
【时间】2015-06-02 20:15:53:821
【内容】当前节点启动成功,准备恢复已经开启的任务...
******************************************************************************************************************************************************
【时间】2015-06-02 20:15:55:318
【内容】恢复已经开启的任务完毕，共1条任务重启
******************************************************************************************************************************************************
【时间】2015-06-02 20:15:55:333
【内容】准备接受命令并运行消息循环...
******************************************************************************************************************************************************
【时间】2015-06-02 20:16:00:423
【内容】当前节点扫描到1条命令,并执行中....
******************************************************************************************************************************************************
【时间】2015-06-02 20:16:00:883
【内容】当前节点执行命令成功! id:264,命令名:StartTask,命令内容:
******************************************************************************************************************************************************
【时间】2015-06-02 20:16:12:927
【内容】当前节点扫描到1条命令,并执行中....
******************************************************************************************************************************************************
【时间】2015-06-02 20:17:30:830
【内容】当前节点启动成功,准备恢复已经开启的任务...
******************************************************************************************************************************************************
【时间】2015-06-02 20:17:48:241
【内容】当前节点启动成功,准备恢复已经开启的任务...
******************************************************************************************************************************************************
【时间】2015-06-02 20:17:49:979
【内容】恢复已经开启的任务完毕，共2条任务重启
******************************************************************************************************************************************************
【时间】2015-06-02 20:17:49:993
【内容】准备接受命令并运行消息循环...
******************************************************************************************************************************************************
【时间】2015-06-02 20:18:03:120
【内容】当前节点扫描到1条命令,并执行中....
******************************************************************************************************************************************************
【时间】2015-06-02 20:19:55:112
【内容】当前节点启动成功,准备恢复已经开启的任务...
******************************************************************************************************************************************************
【时间】2015-06-02 20:19:56:905
【内容】恢复已经开启的任务完毕，共2条任务重启
******************************************************************************************************************************************************
【时间】2015-06-02 20:19:56:923
【内容】准备接受命令并运行消息循环...
******************************************************************************************************************************************************
【时间】2015-06-02 20:20:10:014
【内容】当前节点扫描到1条命令,并执行中....
******************************************************************************************************************************************************
【时间】2015-06-02 20:22:01:780
【内容】当前节点启动成功,准备恢复已经开启的任务...
******************************************************************************************************************************************************
【时间】2015-06-02 20:22:03:799
【内容】恢复已经开启的任务完毕，共2条任务重启
******************************************************************************************************************************************************
【时间】2015-06-02 20:22:03:811
【内容】准备接受命令并运行消息循环...
******************************************************************************************************************************************************
【时间】2015-06-02 20:22:08:897
【内容】当前节点扫描到1条命令,并执行中....
******************************************************************************************************************************************************
【时间】2015-06-02 20:25:55:437
【内容】当前节点启动成功,准备恢复已经开启的任务...
******************************************************************************************************************************************************
【时间】2015-06-02 20:25:57:224
【内容】恢复已经开启的任务完毕，共2条任务重启
******************************************************************************************************************************************************
【时间】2015-06-02 20:25:57:238
【内容】准备接受命令并运行消息循环...
******************************************************************************************************************************************************
【时间】2015-06-02 20:26:14:356
【内容】当前节点扫描到1条命令,并执行中....
******************************************************************************************************************************************************
【时间】2015-06-02 20:27:45:947
【内容】当前节点扫描到1条命令,并执行中....
******************************************************************************************************************************************************
【时间】2015-06-02 20:27:53:942
【内容】当前节点执行命令成功! id:271,命令名:UninstallTask,命令内容:
******************************************************************************************************************************************************
【时间】2015-06-02 20:28:26:051
【内容】当前节点扫描到1条命令,并执行中....
******************************************************************************************************************************************************
【时间】2015-06-02 20:28:26:544
【内容】当前节点执行命令成功! id:272,命令名:StartTask,命令内容:
******************************************************************************************************************************************************
【时间】2015-06-02 20:28:50:670
【内容】当前节点扫描到1条命令,并执行中....
******************************************************************************************************************************************************
【时间】2015-06-02 20:29:38:882
【内容】当前节点扫描到1条命令,并执行中....
******************************************************************************************************************************************************
【时间】2015-06-02 20:29:42:954
【内容】当前节点执行命令成功! id:274,命令名:UninstallTask,命令内容:
******************************************************************************************************************************************************
